INFO [2015-09-23 17:23:33] [[1]]
INFO [2015-09-23 17:23:33] res_list
INFO [2015-09-23 17:23:33] 
INFO [2015-09-23 17:23:33] $scaled
INFO [2015-09-23 17:23:33] [1] TRUE
INFO [2015-09-23 17:23:33] 
INFO [2015-09-23 17:23:33] $ext.text
INFO [2015-09-23 17:23:33] [1] TRUE
INFO [2015-09-23 17:23:33] 
INFO [2015-09-23 17:23:33] $col
INFO [2015-09-23 17:23:33] [1] "transparent"
INFO [2015-09-23 17:23:33] 
INFO [2015-09-23 17:23:33] $fill
INFO [2015-09-23 17:23:33] fills[1:length(res_list)]
INFO [2015-09-23 17:23:33] 
INFO [2015-09-23 17:23:33] $alpha
INFO [2015-09-23 17:23:33] [1] 0.5
INFO [2015-09-23 17:23:33] 
INFO [2015-09-23 17:23:33] $cex
INFO [2015-09-23 17:23:33] [1] 2
INFO [2015-09-23 17:23:33] 
INFO [2015-09-23 17:23:33] $cat.pos
INFO [2015-09-23 17:23:33] positions[[length(res_list)]]
INFO [2015-09-23 17:23:33] 
INFO [2015-09-23 17:23:33] $euler.d
INFO [2015-09-23 17:23:33] [1] TRUE
INFO [2015-09-23 17:23:33] 
INFO [2015-09-23 17:23:33] $margin
INFO [2015-09-23 17:23:33] [1] 0.2
INFO [2015-09-23 17:23:33] 
INFO [2015-09-23 17:23:33] $main
INFO [2015-09-23 17:23:33] title
INFO [2015-09-23 17:23:33] 
INFO [2015-09-23 17:23:33] $filename
INFO [2015-09-23 17:23:33] NULL
INFO [2015-09-23 17:23:33] 
