INFO [2015-09-23 18:16:57] [[1]]
INFO [2015-09-23 18:16:57] res_list
INFO [2015-09-23 18:16:57] 
INFO [2015-09-23 18:16:57] $scaled
INFO [2015-09-23 18:16:57] [1] TRUE
INFO [2015-09-23 18:16:57] 
INFO [2015-09-23 18:16:57] $ext.text
INFO [2015-09-23 18:16:57] [1] TRUE
INFO [2015-09-23 18:16:57] 
INFO [2015-09-23 18:16:57] $col
INFO [2015-09-23 18:16:57] [1] "transparent"
INFO [2015-09-23 18:16:57] 
INFO [2015-09-23 18:16:57] $fill
INFO [2015-09-23 18:16:57] fills[1:length(res_list)]
INFO [2015-09-23 18:16:57] 
INFO [2015-09-23 18:16:57] $alpha
INFO [2015-09-23 18:16:57] [1] 0.5
INFO [2015-09-23 18:16:57] 
INFO [2015-09-23 18:16:57] $cex
INFO [2015-09-23 18:16:57] [1] 2
INFO [2015-09-23 18:16:57] 
INFO [2015-09-23 18:16:57] $cat.pos
INFO [2015-09-23 18:16:57] positions[[length(res_list)]]
INFO [2015-09-23 18:16:57] 
INFO [2015-09-23 18:16:57] $euler.d
INFO [2015-09-23 18:16:57] [1] TRUE
INFO [2015-09-23 18:16:57] 
INFO [2015-09-23 18:16:57] $margin
INFO [2015-09-23 18:16:57] [1] 0.2
INFO [2015-09-23 18:16:57] 
INFO [2015-09-23 18:16:57] $main
INFO [2015-09-23 18:16:57] title
INFO [2015-09-23 18:16:57] 
INFO [2015-09-23 18:16:57] $filename
INFO [2015-09-23 18:16:57] NULL
INFO [2015-09-23 18:16:57] 
INFO [2015-09-23 18:16:57] [[1]]
INFO [2015-09-23 18:16:57] res_list
INFO [2015-09-23 18:16:57] 
INFO [2015-09-23 18:16:57] $scaled
INFO [2015-09-23 18:16:57] [1] TRUE
INFO [2015-09-23 18:16:57] 
INFO [2015-09-23 18:16:57] $ext.text
INFO [2015-09-23 18:16:57] [1] TRUE
INFO [2015-09-23 18:16:57] 
INFO [2015-09-23 18:16:57] $col
INFO [2015-09-23 18:16:57] [1] "transparent"
INFO [2015-09-23 18:16:57] 
INFO [2015-09-23 18:16:57] $fill
INFO [2015-09-23 18:16:57] fills[1:length(res_list)]
INFO [2015-09-23 18:16:57] 
INFO [2015-09-23 18:16:57] $alpha
INFO [2015-09-23 18:16:57] [1] 0.5
INFO [2015-09-23 18:16:57] 
INFO [2015-09-23 18:16:57] $cex
INFO [2015-09-23 18:16:57] [1] 2
INFO [2015-09-23 18:16:57] 
INFO [2015-09-23 18:16:57] $cat.pos
INFO [2015-09-23 18:16:57] positions[[length(res_list)]]
INFO [2015-09-23 18:16:57] 
INFO [2015-09-23 18:16:57] $euler.d
INFO [2015-09-23 18:16:57] [1] TRUE
INFO [2015-09-23 18:16:57] 
INFO [2015-09-23 18:16:57] $margin
INFO [2015-09-23 18:16:57] [1] 0.2
INFO [2015-09-23 18:16:57] 
INFO [2015-09-23 18:16:57] $main
INFO [2015-09-23 18:16:57] title
INFO [2015-09-23 18:16:57] 
INFO [2015-09-23 18:16:57] $filename
INFO [2015-09-23 18:16:57] NULL
INFO [2015-09-23 18:16:57] 
