INFO [2015-09-23 17:23:41] [[1]]
INFO [2015-09-23 17:23:41] res_list
INFO [2015-09-23 17:23:41] 
INFO [2015-09-23 17:23:41] $scaled
INFO [2015-09-23 17:23:41] [1] TRUE
INFO [2015-09-23 17:23:41] 
INFO [2015-09-23 17:23:41] $ext.text
INFO [2015-09-23 17:23:41] [1] TRUE
INFO [2015-09-23 17:23:41] 
INFO [2015-09-23 17:23:41] $col
INFO [2015-09-23 17:23:41] [1] "transparent"
INFO [2015-09-23 17:23:41] 
INFO [2015-09-23 17:23:41] $fill
INFO [2015-09-23 17:23:41] fills[1:length(res_list)]
INFO [2015-09-23 17:23:41] 
INFO [2015-09-23 17:23:41] $alpha
INFO [2015-09-23 17:23:41] [1] 0.5
INFO [2015-09-23 17:23:41] 
INFO [2015-09-23 17:23:41] $cex
INFO [2015-09-23 17:23:41] [1] 2
INFO [2015-09-23 17:23:41] 
INFO [2015-09-23 17:23:41] $cat.pos
INFO [2015-09-23 17:23:41] positions[[length(res_list)]]
INFO [2015-09-23 17:23:41] 
INFO [2015-09-23 17:23:41] $euler.d
INFO [2015-09-23 17:23:41] [1] TRUE
INFO [2015-09-23 17:23:41] 
INFO [2015-09-23 17:23:41] $margin
INFO [2015-09-23 17:23:41] [1] 0.2
INFO [2015-09-23 17:23:41] 
INFO [2015-09-23 17:23:41] $main
INFO [2015-09-23 17:23:41] title
INFO [2015-09-23 17:23:41] 
INFO [2015-09-23 17:23:41] $filename
INFO [2015-09-23 17:23:41] NULL
INFO [2015-09-23 17:23:41] 
INFO [2015-09-23 17:23:41] [[1]]
INFO [2015-09-23 17:23:41] res_list
INFO [2015-09-23 17:23:41] 
INFO [2015-09-23 17:23:41] $scaled
INFO [2015-09-23 17:23:41] [1] TRUE
INFO [2015-09-23 17:23:41] 
INFO [2015-09-23 17:23:41] $ext.text
INFO [2015-09-23 17:23:41] [1] TRUE
INFO [2015-09-23 17:23:41] 
INFO [2015-09-23 17:23:41] $col
INFO [2015-09-23 17:23:41] [1] "transparent"
INFO [2015-09-23 17:23:41] 
INFO [2015-09-23 17:23:41] $fill
INFO [2015-09-23 17:23:41] fills[1:length(res_list)]
INFO [2015-09-23 17:23:41] 
INFO [2015-09-23 17:23:41] $alpha
INFO [2015-09-23 17:23:41] [1] 0.5
INFO [2015-09-23 17:23:41] 
INFO [2015-09-23 17:23:41] $cex
INFO [2015-09-23 17:23:41] [1] 2
INFO [2015-09-23 17:23:41] 
INFO [2015-09-23 17:23:41] $cat.pos
INFO [2015-09-23 17:23:41] positions[[length(res_list)]]
INFO [2015-09-23 17:23:41] 
INFO [2015-09-23 17:23:41] $euler.d
INFO [2015-09-23 17:23:41] [1] TRUE
INFO [2015-09-23 17:23:41] 
INFO [2015-09-23 17:23:41] $margin
INFO [2015-09-23 17:23:41] [1] 0.2
INFO [2015-09-23 17:23:41] 
INFO [2015-09-23 17:23:41] $main
INFO [2015-09-23 17:23:41] title
INFO [2015-09-23 17:23:41] 
INFO [2015-09-23 17:23:41] $filename
INFO [2015-09-23 17:23:41] NULL
INFO [2015-09-23 17:23:41] 
