INFO [2015-09-23 18:17:11] [[1]]
INFO [2015-09-23 18:17:11] res_list
INFO [2015-09-23 18:17:11] 
INFO [2015-09-23 18:17:11] $scaled
INFO [2015-09-23 18:17:11] [1] TRUE
INFO [2015-09-23 18:17:11] 
INFO [2015-09-23 18:17:11] $ext.text
INFO [2015-09-23 18:17:11] [1] TRUE
INFO [2015-09-23 18:17:11] 
INFO [2015-09-23 18:17:11] $col
INFO [2015-09-23 18:17:11] [1] "transparent"
INFO [2015-09-23 18:17:11] 
INFO [2015-09-23 18:17:11] $fill
INFO [2015-09-23 18:17:11] fills[1:length(res_list)]
INFO [2015-09-23 18:17:11] 
INFO [2015-09-23 18:17:11] $alpha
INFO [2015-09-23 18:17:11] [1] 0.5
INFO [2015-09-23 18:17:11] 
INFO [2015-09-23 18:17:11] $cex
INFO [2015-09-23 18:17:11] [1] 2
INFO [2015-09-23 18:17:11] 
INFO [2015-09-23 18:17:11] $cat.pos
INFO [2015-09-23 18:17:11] positions[[length(res_list)]]
INFO [2015-09-23 18:17:11] 
INFO [2015-09-23 18:17:11] $euler.d
INFO [2015-09-23 18:17:11] [1] TRUE
INFO [2015-09-23 18:17:11] 
INFO [2015-09-23 18:17:11] $margin
INFO [2015-09-23 18:17:11] [1] 0.2
INFO [2015-09-23 18:17:11] 
INFO [2015-09-23 18:17:11] $main
INFO [2015-09-23 18:17:11] title
INFO [2015-09-23 18:17:11] 
INFO [2015-09-23 18:17:11] $filename
INFO [2015-09-23 18:17:11] NULL
INFO [2015-09-23 18:17:11] 
INFO [2015-09-23 18:17:11] [[1]]
INFO [2015-09-23 18:17:11] res_list
INFO [2015-09-23 18:17:11] 
INFO [2015-09-23 18:17:11] $scaled
INFO [2015-09-23 18:17:11] [1] TRUE
INFO [2015-09-23 18:17:11] 
INFO [2015-09-23 18:17:11] $ext.text
INFO [2015-09-23 18:17:11] [1] TRUE
INFO [2015-09-23 18:17:11] 
INFO [2015-09-23 18:17:11] $col
INFO [2015-09-23 18:17:11] [1] "transparent"
INFO [2015-09-23 18:17:11] 
INFO [2015-09-23 18:17:11] $fill
INFO [2015-09-23 18:17:11] fills[1:length(res_list)]
INFO [2015-09-23 18:17:11] 
INFO [2015-09-23 18:17:11] $alpha
INFO [2015-09-23 18:17:11] [1] 0.5
INFO [2015-09-23 18:17:11] 
INFO [2015-09-23 18:17:11] $cex
INFO [2015-09-23 18:17:11] [1] 2
INFO [2015-09-23 18:17:11] 
INFO [2015-09-23 18:17:11] $cat.pos
INFO [2015-09-23 18:17:11] positions[[length(res_list)]]
INFO [2015-09-23 18:17:11] 
INFO [2015-09-23 18:17:11] $euler.d
INFO [2015-09-23 18:17:11] [1] TRUE
INFO [2015-09-23 18:17:11] 
INFO [2015-09-23 18:17:11] $margin
INFO [2015-09-23 18:17:11] [1] 0.2
INFO [2015-09-23 18:17:11] 
INFO [2015-09-23 18:17:11] $main
INFO [2015-09-23 18:17:11] title
INFO [2015-09-23 18:17:11] 
INFO [2015-09-23 18:17:11] $filename
INFO [2015-09-23 18:17:11] NULL
INFO [2015-09-23 18:17:11] 
