INFO [2015-09-25 17:57:05] [[1]]
INFO [2015-09-25 17:57:05] res_list
INFO [2015-09-25 17:57:05] 
INFO [2015-09-25 17:57:05] $scaled
INFO [2015-09-25 17:57:05] [1] TRUE
INFO [2015-09-25 17:57:05] 
INFO [2015-09-25 17:57:05] $ext.text
INFO [2015-09-25 17:57:05] [1] TRUE
INFO [2015-09-25 17:57:05] 
INFO [2015-09-25 17:57:05] $col
INFO [2015-09-25 17:57:05] [1] "transparent"
INFO [2015-09-25 17:57:05] 
INFO [2015-09-25 17:57:05] $fill
INFO [2015-09-25 17:57:05] fills[1:length(res_list)]
INFO [2015-09-25 17:57:05] 
INFO [2015-09-25 17:57:05] $alpha
INFO [2015-09-25 17:57:05] [1] 0.5
INFO [2015-09-25 17:57:05] 
INFO [2015-09-25 17:57:05] $cex
INFO [2015-09-25 17:57:05] [1] 2
INFO [2015-09-25 17:57:05] 
INFO [2015-09-25 17:57:05] $cat.pos
INFO [2015-09-25 17:57:05] positions[[length(res_list)]]
INFO [2015-09-25 17:57:05] 
INFO [2015-09-25 17:57:05] $euler.d
INFO [2015-09-25 17:57:05] [1] TRUE
INFO [2015-09-25 17:57:05] 
INFO [2015-09-25 17:57:05] $margin
INFO [2015-09-25 17:57:05] [1] 0.2
INFO [2015-09-25 17:57:05] 
INFO [2015-09-25 17:57:05] $main
INFO [2015-09-25 17:57:05] title
INFO [2015-09-25 17:57:05] 
INFO [2015-09-25 17:57:05] $filename
INFO [2015-09-25 17:57:05] NULL
INFO [2015-09-25 17:57:05] 
INFO [2015-09-25 17:57:05] [[1]]
INFO [2015-09-25 17:57:05] res_list
INFO [2015-09-25 17:57:05] 
INFO [2015-09-25 17:57:05] $scaled
INFO [2015-09-25 17:57:05] [1] TRUE
INFO [2015-09-25 17:57:05] 
INFO [2015-09-25 17:57:05] $ext.text
INFO [2015-09-25 17:57:05] [1] TRUE
INFO [2015-09-25 17:57:05] 
INFO [2015-09-25 17:57:05] $col
INFO [2015-09-25 17:57:05] [1] "transparent"
INFO [2015-09-25 17:57:05] 
INFO [2015-09-25 17:57:05] $fill
INFO [2015-09-25 17:57:05] fills[1:length(res_list)]
INFO [2015-09-25 17:57:05] 
INFO [2015-09-25 17:57:05] $alpha
INFO [2015-09-25 17:57:05] [1] 0.5
INFO [2015-09-25 17:57:05] 
INFO [2015-09-25 17:57:05] $cex
INFO [2015-09-25 17:57:05] [1] 2
INFO [2015-09-25 17:57:05] 
INFO [2015-09-25 17:57:05] $cat.pos
INFO [2015-09-25 17:57:05] positions[[length(res_list)]]
INFO [2015-09-25 17:57:05] 
INFO [2015-09-25 17:57:05] $euler.d
INFO [2015-09-25 17:57:05] [1] TRUE
INFO [2015-09-25 17:57:05] 
INFO [2015-09-25 17:57:05] $margin
INFO [2015-09-25 17:57:05] [1] 0.2
INFO [2015-09-25 17:57:05] 
INFO [2015-09-25 17:57:05] $main
INFO [2015-09-25 17:57:05] title
INFO [2015-09-25 17:57:05] 
INFO [2015-09-25 17:57:05] $filename
INFO [2015-09-25 17:57:05] NULL
INFO [2015-09-25 17:57:05] 
INFO [2015-09-25 17:57:05] [[1]]
INFO [2015-09-25 17:57:05] res_list
INFO [2015-09-25 17:57:05] 
INFO [2015-09-25 17:57:05] $scaled
INFO [2015-09-25 17:57:05] [1] TRUE
INFO [2015-09-25 17:57:05] 
INFO [2015-09-25 17:57:05] $ext.text
INFO [2015-09-25 17:57:05] [1] TRUE
INFO [2015-09-25 17:57:05] 
INFO [2015-09-25 17:57:05] $col
INFO [2015-09-25 17:57:05] [1] "transparent"
INFO [2015-09-25 17:57:05] 
INFO [2015-09-25 17:57:05] $fill
INFO [2015-09-25 17:57:05] fills[1:length(res_list)]
INFO [2015-09-25 17:57:05] 
INFO [2015-09-25 17:57:05] $alpha
INFO [2015-09-25 17:57:05] [1] 0.5
INFO [2015-09-25 17:57:05] 
INFO [2015-09-25 17:57:05] $cex
INFO [2015-09-25 17:57:05] [1] 2
INFO [2015-09-25 17:57:05] 
INFO [2015-09-25 17:57:05] $cat.pos
INFO [2015-09-25 17:57:05] positions[[length(res_list)]]
INFO [2015-09-25 17:57:05] 
INFO [2015-09-25 17:57:05] $euler.d
INFO [2015-09-25 17:57:05] [1] TRUE
INFO [2015-09-25 17:57:05] 
INFO [2015-09-25 17:57:05] $margin
INFO [2015-09-25 17:57:05] [1] 0.2
INFO [2015-09-25 17:57:05] 
INFO [2015-09-25 17:57:05] $main
INFO [2015-09-25 17:57:05] title
INFO [2015-09-25 17:57:05] 
INFO [2015-09-25 17:57:05] $filename
INFO [2015-09-25 17:57:05] NULL
INFO [2015-09-25 17:57:05] 
