INFO [2015-09-23 17:23:43] [[1]]
INFO [2015-09-23 17:23:43] res_list
INFO [2015-09-23 17:23:43] 
INFO [2015-09-23 17:23:43] $scaled
INFO [2015-09-23 17:23:43] [1] TRUE
INFO [2015-09-23 17:23:43] 
INFO [2015-09-23 17:23:43] $ext.text
INFO [2015-09-23 17:23:43] [1] TRUE
INFO [2015-09-23 17:23:43] 
INFO [2015-09-23 17:23:43] $col
INFO [2015-09-23 17:23:43] [1] "transparent"
INFO [2015-09-23 17:23:43] 
INFO [2015-09-23 17:23:43] $fill
INFO [2015-09-23 17:23:43] fills[1:length(res_list)]
INFO [2015-09-23 17:23:43] 
INFO [2015-09-23 17:23:43] $alpha
INFO [2015-09-23 17:23:43] [1] 0.5
INFO [2015-09-23 17:23:43] 
INFO [2015-09-23 17:23:43] $cex
INFO [2015-09-23 17:23:43] [1] 2
INFO [2015-09-23 17:23:43] 
INFO [2015-09-23 17:23:43] $cat.pos
INFO [2015-09-23 17:23:43] positions[[length(res_list)]]
INFO [2015-09-23 17:23:43] 
INFO [2015-09-23 17:23:43] $euler.d
INFO [2015-09-23 17:23:43] [1] TRUE
INFO [2015-09-23 17:23:43] 
INFO [2015-09-23 17:23:43] $margin
INFO [2015-09-23 17:23:43] [1] 0.2
INFO [2015-09-23 17:23:43] 
INFO [2015-09-23 17:23:43] $main
INFO [2015-09-23 17:23:43] title
INFO [2015-09-23 17:23:43] 
INFO [2015-09-23 17:23:43] $filename
INFO [2015-09-23 17:23:43] NULL
INFO [2015-09-23 17:23:43] 
INFO [2015-09-23 17:23:43] [[1]]
INFO [2015-09-23 17:23:43] res_list
INFO [2015-09-23 17:23:43] 
INFO [2015-09-23 17:23:43] $scaled
INFO [2015-09-23 17:23:43] [1] TRUE
INFO [2015-09-23 17:23:43] 
INFO [2015-09-23 17:23:43] $ext.text
INFO [2015-09-23 17:23:43] [1] TRUE
INFO [2015-09-23 17:23:43] 
INFO [2015-09-23 17:23:43] $col
INFO [2015-09-23 17:23:43] [1] "transparent"
INFO [2015-09-23 17:23:43] 
INFO [2015-09-23 17:23:43] $fill
INFO [2015-09-23 17:23:43] fills[1:length(res_list)]
INFO [2015-09-23 17:23:43] 
INFO [2015-09-23 17:23:43] $alpha
INFO [2015-09-23 17:23:43] [1] 0.5
INFO [2015-09-23 17:23:43] 
INFO [2015-09-23 17:23:43] $cex
INFO [2015-09-23 17:23:43] [1] 2
INFO [2015-09-23 17:23:43] 
INFO [2015-09-23 17:23:43] $cat.pos
INFO [2015-09-23 17:23:43] positions[[length(res_list)]]
INFO [2015-09-23 17:23:43] 
INFO [2015-09-23 17:23:43] $euler.d
INFO [2015-09-23 17:23:43] [1] TRUE
INFO [2015-09-23 17:23:43] 
INFO [2015-09-23 17:23:43] $margin
INFO [2015-09-23 17:23:43] [1] 0.2
INFO [2015-09-23 17:23:43] 
INFO [2015-09-23 17:23:43] $main
INFO [2015-09-23 17:23:43] title
INFO [2015-09-23 17:23:43] 
INFO [2015-09-23 17:23:43] $filename
INFO [2015-09-23 17:23:43] NULL
INFO [2015-09-23 17:23:43] 
