INFO [2015-09-23 17:23:46] [[1]]
INFO [2015-09-23 17:23:46] res_list
INFO [2015-09-23 17:23:46] 
INFO [2015-09-23 17:23:46] $scaled
INFO [2015-09-23 17:23:46] [1] TRUE
INFO [2015-09-23 17:23:46] 
INFO [2015-09-23 17:23:46] $ext.text
INFO [2015-09-23 17:23:46] [1] TRUE
INFO [2015-09-23 17:23:46] 
INFO [2015-09-23 17:23:46] $col
INFO [2015-09-23 17:23:46] [1] "transparent"
INFO [2015-09-23 17:23:46] 
INFO [2015-09-23 17:23:46] $fill
INFO [2015-09-23 17:23:46] fills[1:length(res_list)]
INFO [2015-09-23 17:23:46] 
INFO [2015-09-23 17:23:46] $alpha
INFO [2015-09-23 17:23:46] [1] 0.5
INFO [2015-09-23 17:23:46] 
INFO [2015-09-23 17:23:46] $cex
INFO [2015-09-23 17:23:46] [1] 2
INFO [2015-09-23 17:23:46] 
INFO [2015-09-23 17:23:46] $cat.pos
INFO [2015-09-23 17:23:46] positions[[length(res_list)]]
INFO [2015-09-23 17:23:46] 
INFO [2015-09-23 17:23:46] $euler.d
INFO [2015-09-23 17:23:46] [1] TRUE
INFO [2015-09-23 17:23:46] 
INFO [2015-09-23 17:23:46] $margin
INFO [2015-09-23 17:23:46] [1] 0.2
INFO [2015-09-23 17:23:46] 
INFO [2015-09-23 17:23:46] $main
INFO [2015-09-23 17:23:46] title
INFO [2015-09-23 17:23:46] 
INFO [2015-09-23 17:23:46] $filename
INFO [2015-09-23 17:23:46] NULL
INFO [2015-09-23 17:23:46] 
