INFO [2015-09-23 17:23:35] [[1]]
INFO [2015-09-23 17:23:35] res_list
INFO [2015-09-23 17:23:35] 
INFO [2015-09-23 17:23:35] $scaled
INFO [2015-09-23 17:23:35] [1] TRUE
INFO [2015-09-23 17:23:35] 
INFO [2015-09-23 17:23:35] $ext.text
INFO [2015-09-23 17:23:35] [1] TRUE
INFO [2015-09-23 17:23:35] 
INFO [2015-09-23 17:23:35] $col
INFO [2015-09-23 17:23:35] [1] "transparent"
INFO [2015-09-23 17:23:35] 
INFO [2015-09-23 17:23:35] $fill
INFO [2015-09-23 17:23:35] fills[1:length(res_list)]
INFO [2015-09-23 17:23:35] 
INFO [2015-09-23 17:23:35] $alpha
INFO [2015-09-23 17:23:35] [1] 0.5
INFO [2015-09-23 17:23:35] 
INFO [2015-09-23 17:23:35] $cex
INFO [2015-09-23 17:23:35] [1] 2
INFO [2015-09-23 17:23:35] 
INFO [2015-09-23 17:23:35] $cat.pos
INFO [2015-09-23 17:23:35] positions[[length(res_list)]]
INFO [2015-09-23 17:23:35] 
INFO [2015-09-23 17:23:35] $euler.d
INFO [2015-09-23 17:23:35] [1] TRUE
INFO [2015-09-23 17:23:35] 
INFO [2015-09-23 17:23:35] $margin
INFO [2015-09-23 17:23:35] [1] 0.2
INFO [2015-09-23 17:23:35] 
INFO [2015-09-23 17:23:35] $main
INFO [2015-09-23 17:23:35] title
INFO [2015-09-23 17:23:35] 
INFO [2015-09-23 17:23:35] $filename
INFO [2015-09-23 17:23:35] NULL
INFO [2015-09-23 17:23:35] 
