INFO [2015-09-23 17:23:47] [[1]]
INFO [2015-09-23 17:23:47] res_list
INFO [2015-09-23 17:23:47] 
INFO [2015-09-23 17:23:47] $scaled
INFO [2015-09-23 17:23:47] [1] TRUE
INFO [2015-09-23 17:23:47] 
INFO [2015-09-23 17:23:47] $ext.text
INFO [2015-09-23 17:23:47] [1] TRUE
INFO [2015-09-23 17:23:47] 
INFO [2015-09-23 17:23:47] $col
INFO [2015-09-23 17:23:47] [1] "transparent"
INFO [2015-09-23 17:23:47] 
INFO [2015-09-23 17:23:47] $fill
INFO [2015-09-23 17:23:47] fills[1:length(res_list)]
INFO [2015-09-23 17:23:47] 
INFO [2015-09-23 17:23:47] $alpha
INFO [2015-09-23 17:23:47] [1] 0.5
INFO [2015-09-23 17:23:47] 
INFO [2015-09-23 17:23:47] $cex
INFO [2015-09-23 17:23:47] [1] 2
INFO [2015-09-23 17:23:47] 
INFO [2015-09-23 17:23:47] $cat.pos
INFO [2015-09-23 17:23:47] positions[[length(res_list)]]
INFO [2015-09-23 17:23:47] 
INFO [2015-09-23 17:23:47] $euler.d
INFO [2015-09-23 17:23:47] [1] TRUE
INFO [2015-09-23 17:23:47] 
INFO [2015-09-23 17:23:47] $margin
INFO [2015-09-23 17:23:47] [1] 0.2
INFO [2015-09-23 17:23:47] 
INFO [2015-09-23 17:23:47] $main
INFO [2015-09-23 17:23:47] title
INFO [2015-09-23 17:23:47] 
INFO [2015-09-23 17:23:47] $filename
INFO [2015-09-23 17:23:47] NULL
INFO [2015-09-23 17:23:47] 
INFO [2015-09-23 17:23:47] [[1]]
INFO [2015-09-23 17:23:47] res_list
INFO [2015-09-23 17:23:47] 
INFO [2015-09-23 17:23:47] $scaled
INFO [2015-09-23 17:23:47] [1] TRUE
INFO [2015-09-23 17:23:47] 
INFO [2015-09-23 17:23:47] $ext.text
INFO [2015-09-23 17:23:47] [1] TRUE
INFO [2015-09-23 17:23:47] 
INFO [2015-09-23 17:23:47] $col
INFO [2015-09-23 17:23:47] [1] "transparent"
INFO [2015-09-23 17:23:47] 
INFO [2015-09-23 17:23:47] $fill
INFO [2015-09-23 17:23:47] fills[1:length(res_list)]
INFO [2015-09-23 17:23:47] 
INFO [2015-09-23 17:23:47] $alpha
INFO [2015-09-23 17:23:47] [1] 0.5
INFO [2015-09-23 17:23:47] 
INFO [2015-09-23 17:23:47] $cex
INFO [2015-09-23 17:23:47] [1] 2
INFO [2015-09-23 17:23:47] 
INFO [2015-09-23 17:23:47] $cat.pos
INFO [2015-09-23 17:23:47] positions[[length(res_list)]]
INFO [2015-09-23 17:23:47] 
INFO [2015-09-23 17:23:47] $euler.d
INFO [2015-09-23 17:23:47] [1] TRUE
INFO [2015-09-23 17:23:47] 
INFO [2015-09-23 17:23:47] $margin
INFO [2015-09-23 17:23:47] [1] 0.2
INFO [2015-09-23 17:23:47] 
INFO [2015-09-23 17:23:47] $main
INFO [2015-09-23 17:23:47] title
INFO [2015-09-23 17:23:47] 
INFO [2015-09-23 17:23:47] $filename
INFO [2015-09-23 17:23:47] NULL
INFO [2015-09-23 17:23:47] 
