INFO [2015-09-23 18:17:01] [[1]]
INFO [2015-09-23 18:17:01] res_list
INFO [2015-09-23 18:17:01] 
INFO [2015-09-23 18:17:01] $scaled
INFO [2015-09-23 18:17:01] [1] TRUE
INFO [2015-09-23 18:17:01] 
INFO [2015-09-23 18:17:01] $ext.text
INFO [2015-09-23 18:17:01] [1] TRUE
INFO [2015-09-23 18:17:01] 
INFO [2015-09-23 18:17:01] $col
INFO [2015-09-23 18:17:01] [1] "transparent"
INFO [2015-09-23 18:17:01] 
INFO [2015-09-23 18:17:01] $fill
INFO [2015-09-23 18:17:01] fills[1:length(res_list)]
INFO [2015-09-23 18:17:01] 
INFO [2015-09-23 18:17:01] $alpha
INFO [2015-09-23 18:17:01] [1] 0.5
INFO [2015-09-23 18:17:01] 
INFO [2015-09-23 18:17:01] $cex
INFO [2015-09-23 18:17:01] [1] 2
INFO [2015-09-23 18:17:01] 
INFO [2015-09-23 18:17:01] $cat.pos
INFO [2015-09-23 18:17:01] positions[[length(res_list)]]
INFO [2015-09-23 18:17:01] 
INFO [2015-09-23 18:17:01] $euler.d
INFO [2015-09-23 18:17:01] [1] TRUE
INFO [2015-09-23 18:17:01] 
INFO [2015-09-23 18:17:01] $margin
INFO [2015-09-23 18:17:01] [1] 0.2
INFO [2015-09-23 18:17:01] 
INFO [2015-09-23 18:17:01] $main
INFO [2015-09-23 18:17:01] title
INFO [2015-09-23 18:17:01] 
INFO [2015-09-23 18:17:01] $filename
INFO [2015-09-23 18:17:01] NULL
INFO [2015-09-23 18:17:01] 
INFO [2015-09-23 18:17:01] [[1]]
INFO [2015-09-23 18:17:01] res_list
INFO [2015-09-23 18:17:01] 
INFO [2015-09-23 18:17:01] $scaled
INFO [2015-09-23 18:17:01] [1] TRUE
INFO [2015-09-23 18:17:01] 
INFO [2015-09-23 18:17:01] $ext.text
INFO [2015-09-23 18:17:01] [1] TRUE
INFO [2015-09-23 18:17:01] 
INFO [2015-09-23 18:17:01] $col
INFO [2015-09-23 18:17:01] [1] "transparent"
INFO [2015-09-23 18:17:01] 
INFO [2015-09-23 18:17:01] $fill
INFO [2015-09-23 18:17:01] fills[1:length(res_list)]
INFO [2015-09-23 18:17:01] 
INFO [2015-09-23 18:17:01] $alpha
INFO [2015-09-23 18:17:01] [1] 0.5
INFO [2015-09-23 18:17:01] 
INFO [2015-09-23 18:17:01] $cex
INFO [2015-09-23 18:17:01] [1] 2
INFO [2015-09-23 18:17:01] 
INFO [2015-09-23 18:17:01] $cat.pos
INFO [2015-09-23 18:17:01] positions[[length(res_list)]]
INFO [2015-09-23 18:17:01] 
INFO [2015-09-23 18:17:01] $euler.d
INFO [2015-09-23 18:17:01] [1] TRUE
INFO [2015-09-23 18:17:01] 
INFO [2015-09-23 18:17:01] $margin
INFO [2015-09-23 18:17:01] [1] 0.2
INFO [2015-09-23 18:17:01] 
INFO [2015-09-23 18:17:01] $main
INFO [2015-09-23 18:17:01] title
INFO [2015-09-23 18:17:01] 
INFO [2015-09-23 18:17:01] $filename
INFO [2015-09-23 18:17:01] NULL
INFO [2015-09-23 18:17:01] 
