INFO [2015-09-23 17:23:44] [[1]]
INFO [2015-09-23 17:23:44] res_list
INFO [2015-09-23 17:23:44] 
INFO [2015-09-23 17:23:44] $scaled
INFO [2015-09-23 17:23:44] [1] TRUE
INFO [2015-09-23 17:23:44] 
INFO [2015-09-23 17:23:44] $ext.text
INFO [2015-09-23 17:23:44] [1] TRUE
INFO [2015-09-23 17:23:44] 
INFO [2015-09-23 17:23:44] $col
INFO [2015-09-23 17:23:44] [1] "transparent"
INFO [2015-09-23 17:23:44] 
INFO [2015-09-23 17:23:44] $fill
INFO [2015-09-23 17:23:44] fills[1:length(res_list)]
INFO [2015-09-23 17:23:44] 
INFO [2015-09-23 17:23:44] $alpha
INFO [2015-09-23 17:23:44] [1] 0.5
INFO [2015-09-23 17:23:44] 
INFO [2015-09-23 17:23:44] $cex
INFO [2015-09-23 17:23:44] [1] 2
INFO [2015-09-23 17:23:44] 
INFO [2015-09-23 17:23:44] $cat.pos
INFO [2015-09-23 17:23:44] positions[[length(res_list)]]
INFO [2015-09-23 17:23:44] 
INFO [2015-09-23 17:23:44] $euler.d
INFO [2015-09-23 17:23:44] [1] TRUE
INFO [2015-09-23 17:23:44] 
INFO [2015-09-23 17:23:44] $margin
INFO [2015-09-23 17:23:44] [1] 0.2
INFO [2015-09-23 17:23:44] 
INFO [2015-09-23 17:23:44] $main
INFO [2015-09-23 17:23:44] title
INFO [2015-09-23 17:23:44] 
INFO [2015-09-23 17:23:44] $filename
INFO [2015-09-23 17:23:44] NULL
INFO [2015-09-23 17:23:44] 
INFO [2015-09-23 17:23:44] [[1]]
INFO [2015-09-23 17:23:44] res_list
INFO [2015-09-23 17:23:44] 
INFO [2015-09-23 17:23:44] $scaled
INFO [2015-09-23 17:23:44] [1] TRUE
INFO [2015-09-23 17:23:44] 
INFO [2015-09-23 17:23:44] $ext.text
INFO [2015-09-23 17:23:44] [1] TRUE
INFO [2015-09-23 17:23:44] 
INFO [2015-09-23 17:23:44] $col
INFO [2015-09-23 17:23:44] [1] "transparent"
INFO [2015-09-23 17:23:44] 
INFO [2015-09-23 17:23:44] $fill
INFO [2015-09-23 17:23:44] fills[1:length(res_list)]
INFO [2015-09-23 17:23:44] 
INFO [2015-09-23 17:23:44] $alpha
INFO [2015-09-23 17:23:44] [1] 0.5
INFO [2015-09-23 17:23:44] 
INFO [2015-09-23 17:23:44] $cex
INFO [2015-09-23 17:23:44] [1] 2
INFO [2015-09-23 17:23:44] 
INFO [2015-09-23 17:23:44] $cat.pos
INFO [2015-09-23 17:23:44] positions[[length(res_list)]]
INFO [2015-09-23 17:23:44] 
INFO [2015-09-23 17:23:44] $euler.d
INFO [2015-09-23 17:23:44] [1] TRUE
INFO [2015-09-23 17:23:44] 
INFO [2015-09-23 17:23:44] $margin
INFO [2015-09-23 17:23:44] [1] 0.2
INFO [2015-09-23 17:23:44] 
INFO [2015-09-23 17:23:44] $main
INFO [2015-09-23 17:23:44] title
INFO [2015-09-23 17:23:44] 
INFO [2015-09-23 17:23:44] $filename
INFO [2015-09-23 17:23:44] NULL
INFO [2015-09-23 17:23:44] 
