INFO [2015-09-23 17:23:34] [[1]]
INFO [2015-09-23 17:23:34] res_list
INFO [2015-09-23 17:23:34] 
INFO [2015-09-23 17:23:34] $scaled
INFO [2015-09-23 17:23:34] [1] TRUE
INFO [2015-09-23 17:23:34] 
INFO [2015-09-23 17:23:34] $ext.text
INFO [2015-09-23 17:23:34] [1] TRUE
INFO [2015-09-23 17:23:34] 
INFO [2015-09-23 17:23:34] $col
INFO [2015-09-23 17:23:34] [1] "transparent"
INFO [2015-09-23 17:23:34] 
INFO [2015-09-23 17:23:34] $fill
INFO [2015-09-23 17:23:34] fills[1:length(res_list)]
INFO [2015-09-23 17:23:34] 
INFO [2015-09-23 17:23:34] $alpha
INFO [2015-09-23 17:23:34] [1] 0.5
INFO [2015-09-23 17:23:34] 
INFO [2015-09-23 17:23:34] $cex
INFO [2015-09-23 17:23:34] [1] 2
INFO [2015-09-23 17:23:34] 
INFO [2015-09-23 17:23:34] $cat.pos
INFO [2015-09-23 17:23:34] positions[[length(res_list)]]
INFO [2015-09-23 17:23:34] 
INFO [2015-09-23 17:23:34] $euler.d
INFO [2015-09-23 17:23:34] [1] TRUE
INFO [2015-09-23 17:23:34] 
INFO [2015-09-23 17:23:34] $margin
INFO [2015-09-23 17:23:34] [1] 0.2
INFO [2015-09-23 17:23:34] 
INFO [2015-09-23 17:23:34] $main
INFO [2015-09-23 17:23:34] title
INFO [2015-09-23 17:23:34] 
INFO [2015-09-23 17:23:34] $filename
INFO [2015-09-23 17:23:34] NULL
INFO [2015-09-23 17:23:34] 
INFO [2015-09-23 17:23:34] [[1]]
INFO [2015-09-23 17:23:34] res_list
INFO [2015-09-23 17:23:34] 
INFO [2015-09-23 17:23:34] $scaled
INFO [2015-09-23 17:23:34] [1] TRUE
INFO [2015-09-23 17:23:34] 
INFO [2015-09-23 17:23:34] $ext.text
INFO [2015-09-23 17:23:34] [1] TRUE
INFO [2015-09-23 17:23:34] 
INFO [2015-09-23 17:23:34] $col
INFO [2015-09-23 17:23:34] [1] "transparent"
INFO [2015-09-23 17:23:34] 
INFO [2015-09-23 17:23:34] $fill
INFO [2015-09-23 17:23:34] fills[1:length(res_list)]
INFO [2015-09-23 17:23:34] 
INFO [2015-09-23 17:23:34] $alpha
INFO [2015-09-23 17:23:34] [1] 0.5
INFO [2015-09-23 17:23:34] 
INFO [2015-09-23 17:23:34] $cex
INFO [2015-09-23 17:23:34] [1] 2
INFO [2015-09-23 17:23:34] 
INFO [2015-09-23 17:23:34] $cat.pos
INFO [2015-09-23 17:23:34] positions[[length(res_list)]]
INFO [2015-09-23 17:23:34] 
INFO [2015-09-23 17:23:34] $euler.d
INFO [2015-09-23 17:23:34] [1] TRUE
INFO [2015-09-23 17:23:34] 
INFO [2015-09-23 17:23:34] $margin
INFO [2015-09-23 17:23:34] [1] 0.2
INFO [2015-09-23 17:23:34] 
INFO [2015-09-23 17:23:34] $main
INFO [2015-09-23 17:23:34] title
INFO [2015-09-23 17:23:34] 
INFO [2015-09-23 17:23:34] $filename
INFO [2015-09-23 17:23:34] NULL
INFO [2015-09-23 17:23:34] 
