INFO [2015-09-23 17:24:23] [[1]]
INFO [2015-09-23 17:24:23] res_list
INFO [2015-09-23 17:24:23] 
INFO [2015-09-23 17:24:23] $scaled
INFO [2015-09-23 17:24:23] [1] TRUE
INFO [2015-09-23 17:24:23] 
INFO [2015-09-23 17:24:23] $ext.text
INFO [2015-09-23 17:24:23] [1] TRUE
INFO [2015-09-23 17:24:23] 
INFO [2015-09-23 17:24:23] $col
INFO [2015-09-23 17:24:23] [1] "transparent"
INFO [2015-09-23 17:24:23] 
INFO [2015-09-23 17:24:23] $fill
INFO [2015-09-23 17:24:23] fills[1:length(res_list)]
INFO [2015-09-23 17:24:23] 
INFO [2015-09-23 17:24:23] $alpha
INFO [2015-09-23 17:24:23] [1] 0.5
INFO [2015-09-23 17:24:23] 
INFO [2015-09-23 17:24:23] $cex
INFO [2015-09-23 17:24:23] [1] 2
INFO [2015-09-23 17:24:23] 
INFO [2015-09-23 17:24:23] $cat.pos
INFO [2015-09-23 17:24:23] positions[[length(res_list)]]
INFO [2015-09-23 17:24:23] 
INFO [2015-09-23 17:24:23] $euler.d
INFO [2015-09-23 17:24:23] [1] TRUE
INFO [2015-09-23 17:24:23] 
INFO [2015-09-23 17:24:23] $margin
INFO [2015-09-23 17:24:23] [1] 0.2
INFO [2015-09-23 17:24:23] 
INFO [2015-09-23 17:24:23] $main
INFO [2015-09-23 17:24:23] title
INFO [2015-09-23 17:24:23] 
INFO [2015-09-23 17:24:23] $filename
INFO [2015-09-23 17:24:23] NULL
INFO [2015-09-23 17:24:23] 
INFO [2015-09-23 17:24:23] [[1]]
INFO [2015-09-23 17:24:23] res_list
INFO [2015-09-23 17:24:23] 
INFO [2015-09-23 17:24:23] $scaled
INFO [2015-09-23 17:24:23] [1] TRUE
INFO [2015-09-23 17:24:23] 
INFO [2015-09-23 17:24:23] $ext.text
INFO [2015-09-23 17:24:23] [1] TRUE
INFO [2015-09-23 17:24:23] 
INFO [2015-09-23 17:24:23] $col
INFO [2015-09-23 17:24:23] [1] "transparent"
INFO [2015-09-23 17:24:23] 
INFO [2015-09-23 17:24:23] $fill
INFO [2015-09-23 17:24:23] fills[1:length(res_list)]
INFO [2015-09-23 17:24:23] 
INFO [2015-09-23 17:24:23] $alpha
INFO [2015-09-23 17:24:23] [1] 0.5
INFO [2015-09-23 17:24:23] 
INFO [2015-09-23 17:24:23] $cex
INFO [2015-09-23 17:24:23] [1] 2
INFO [2015-09-23 17:24:23] 
INFO [2015-09-23 17:24:23] $cat.pos
INFO [2015-09-23 17:24:23] positions[[length(res_list)]]
INFO [2015-09-23 17:24:23] 
INFO [2015-09-23 17:24:23] $euler.d
INFO [2015-09-23 17:24:23] [1] TRUE
INFO [2015-09-23 17:24:23] 
INFO [2015-09-23 17:24:23] $margin
INFO [2015-09-23 17:24:23] [1] 0.2
INFO [2015-09-23 17:24:23] 
INFO [2015-09-23 17:24:23] $main
INFO [2015-09-23 17:24:23] title
INFO [2015-09-23 17:24:23] 
INFO [2015-09-23 17:24:23] $filename
INFO [2015-09-23 17:24:23] NULL
INFO [2015-09-23 17:24:23] 
