INFO [2015-09-25 17:57:49] [[1]]
INFO [2015-09-25 17:57:49] res_list
INFO [2015-09-25 17:57:49] 
INFO [2015-09-25 17:57:49] $scaled
INFO [2015-09-25 17:57:49] [1] TRUE
INFO [2015-09-25 17:57:49] 
INFO [2015-09-25 17:57:49] $ext.text
INFO [2015-09-25 17:57:49] [1] TRUE
INFO [2015-09-25 17:57:49] 
INFO [2015-09-25 17:57:49] $col
INFO [2015-09-25 17:57:49] [1] "transparent"
INFO [2015-09-25 17:57:49] 
INFO [2015-09-25 17:57:49] $fill
INFO [2015-09-25 17:57:49] fills[1:length(res_list)]
INFO [2015-09-25 17:57:49] 
INFO [2015-09-25 17:57:49] $alpha
INFO [2015-09-25 17:57:49] [1] 0.5
INFO [2015-09-25 17:57:49] 
INFO [2015-09-25 17:57:49] $cex
INFO [2015-09-25 17:57:49] [1] 2
INFO [2015-09-25 17:57:49] 
INFO [2015-09-25 17:57:49] $cat.pos
INFO [2015-09-25 17:57:49] positions[[length(res_list)]]
INFO [2015-09-25 17:57:49] 
INFO [2015-09-25 17:57:49] $euler.d
INFO [2015-09-25 17:57:49] [1] TRUE
INFO [2015-09-25 17:57:49] 
INFO [2015-09-25 17:57:49] $margin
INFO [2015-09-25 17:57:49] [1] 0.2
INFO [2015-09-25 17:57:49] 
INFO [2015-09-25 17:57:49] $main
INFO [2015-09-25 17:57:49] title
INFO [2015-09-25 17:57:49] 
INFO [2015-09-25 17:57:49] $filename
INFO [2015-09-25 17:57:49] NULL
INFO [2015-09-25 17:57:49] 
