INFO [2015-09-25 17:57:50] [[1]]
INFO [2015-09-25 17:57:50] res_list
INFO [2015-09-25 17:57:50] 
INFO [2015-09-25 17:57:50] $scaled
INFO [2015-09-25 17:57:50] [1] TRUE
INFO [2015-09-25 17:57:50] 
INFO [2015-09-25 17:57:50] $ext.text
INFO [2015-09-25 17:57:50] [1] TRUE
INFO [2015-09-25 17:57:50] 
INFO [2015-09-25 17:57:50] $col
INFO [2015-09-25 17:57:50] [1] "transparent"
INFO [2015-09-25 17:57:50] 
INFO [2015-09-25 17:57:50] $fill
INFO [2015-09-25 17:57:50] fills[1:length(res_list)]
INFO [2015-09-25 17:57:50] 
INFO [2015-09-25 17:57:50] $alpha
INFO [2015-09-25 17:57:50] [1] 0.5
INFO [2015-09-25 17:57:50] 
INFO [2015-09-25 17:57:50] $cex
INFO [2015-09-25 17:57:50] [1] 2
INFO [2015-09-25 17:57:50] 
INFO [2015-09-25 17:57:50] $cat.pos
INFO [2015-09-25 17:57:50] positions[[length(res_list)]]
INFO [2015-09-25 17:57:50] 
INFO [2015-09-25 17:57:50] $euler.d
INFO [2015-09-25 17:57:50] [1] TRUE
INFO [2015-09-25 17:57:50] 
INFO [2015-09-25 17:57:50] $margin
INFO [2015-09-25 17:57:50] [1] 0.2
INFO [2015-09-25 17:57:50] 
INFO [2015-09-25 17:57:50] $main
INFO [2015-09-25 17:57:50] title
INFO [2015-09-25 17:57:50] 
INFO [2015-09-25 17:57:50] $filename
INFO [2015-09-25 17:57:50] NULL
INFO [2015-09-25 17:57:50] 
