INFO [2015-09-23 17:24:27] [[1]]
INFO [2015-09-23 17:24:27] res_list
INFO [2015-09-23 17:24:27] 
INFO [2015-09-23 17:24:27] $scaled
INFO [2015-09-23 17:24:27] [1] TRUE
INFO [2015-09-23 17:24:27] 
INFO [2015-09-23 17:24:27] $ext.text
INFO [2015-09-23 17:24:27] [1] TRUE
INFO [2015-09-23 17:24:27] 
INFO [2015-09-23 17:24:27] $col
INFO [2015-09-23 17:24:27] [1] "transparent"
INFO [2015-09-23 17:24:27] 
INFO [2015-09-23 17:24:27] $fill
INFO [2015-09-23 17:24:27] fills[1:length(res_list)]
INFO [2015-09-23 17:24:27] 
INFO [2015-09-23 17:24:27] $alpha
INFO [2015-09-23 17:24:27] [1] 0.5
INFO [2015-09-23 17:24:27] 
INFO [2015-09-23 17:24:27] $cex
INFO [2015-09-23 17:24:27] [1] 2
INFO [2015-09-23 17:24:27] 
INFO [2015-09-23 17:24:27] $cat.pos
INFO [2015-09-23 17:24:27] positions[[length(res_list)]]
INFO [2015-09-23 17:24:27] 
INFO [2015-09-23 17:24:27] $euler.d
INFO [2015-09-23 17:24:27] [1] TRUE
INFO [2015-09-23 17:24:27] 
INFO [2015-09-23 17:24:27] $margin
INFO [2015-09-23 17:24:27] [1] 0.2
INFO [2015-09-23 17:24:27] 
INFO [2015-09-23 17:24:27] $main
INFO [2015-09-23 17:24:27] title
INFO [2015-09-23 17:24:27] 
INFO [2015-09-23 17:24:27] $filename
INFO [2015-09-23 17:24:27] NULL
INFO [2015-09-23 17:24:27] 
