INFO [2015-09-23 18:17:04] [[1]]
INFO [2015-09-23 18:17:04] res_list
INFO [2015-09-23 18:17:04] 
INFO [2015-09-23 18:17:04] $scaled
INFO [2015-09-23 18:17:04] [1] TRUE
INFO [2015-09-23 18:17:04] 
INFO [2015-09-23 18:17:04] $ext.text
INFO [2015-09-23 18:17:04] [1] TRUE
INFO [2015-09-23 18:17:04] 
INFO [2015-09-23 18:17:04] $col
INFO [2015-09-23 18:17:04] [1] "transparent"
INFO [2015-09-23 18:17:04] 
INFO [2015-09-23 18:17:04] $fill
INFO [2015-09-23 18:17:04] fills[1:length(res_list)]
INFO [2015-09-23 18:17:04] 
INFO [2015-09-23 18:17:04] $alpha
INFO [2015-09-23 18:17:04] [1] 0.5
INFO [2015-09-23 18:17:04] 
INFO [2015-09-23 18:17:04] $cex
INFO [2015-09-23 18:17:04] [1] 2
INFO [2015-09-23 18:17:04] 
INFO [2015-09-23 18:17:04] $cat.pos
INFO [2015-09-23 18:17:04] positions[[length(res_list)]]
INFO [2015-09-23 18:17:04] 
INFO [2015-09-23 18:17:04] $euler.d
INFO [2015-09-23 18:17:04] [1] TRUE
INFO [2015-09-23 18:17:04] 
INFO [2015-09-23 18:17:04] $margin
INFO [2015-09-23 18:17:04] [1] 0.2
INFO [2015-09-23 18:17:04] 
INFO [2015-09-23 18:17:04] $main
INFO [2015-09-23 18:17:04] title
INFO [2015-09-23 18:17:04] 
INFO [2015-09-23 18:17:04] $filename
INFO [2015-09-23 18:17:04] NULL
INFO [2015-09-23 18:17:04] 
INFO [2015-09-23 18:17:04] [[1]]
INFO [2015-09-23 18:17:04] res_list
INFO [2015-09-23 18:17:04] 
INFO [2015-09-23 18:17:04] $scaled
INFO [2015-09-23 18:17:04] [1] TRUE
INFO [2015-09-23 18:17:04] 
INFO [2015-09-23 18:17:04] $ext.text
INFO [2015-09-23 18:17:04] [1] TRUE
INFO [2015-09-23 18:17:04] 
INFO [2015-09-23 18:17:04] $col
INFO [2015-09-23 18:17:04] [1] "transparent"
INFO [2015-09-23 18:17:04] 
INFO [2015-09-23 18:17:04] $fill
INFO [2015-09-23 18:17:04] fills[1:length(res_list)]
INFO [2015-09-23 18:17:04] 
INFO [2015-09-23 18:17:04] $alpha
INFO [2015-09-23 18:17:04] [1] 0.5
INFO [2015-09-23 18:17:04] 
INFO [2015-09-23 18:17:04] $cex
INFO [2015-09-23 18:17:04] [1] 2
INFO [2015-09-23 18:17:04] 
INFO [2015-09-23 18:17:04] $cat.pos
INFO [2015-09-23 18:17:04] positions[[length(res_list)]]
INFO [2015-09-23 18:17:04] 
INFO [2015-09-23 18:17:04] $euler.d
INFO [2015-09-23 18:17:04] [1] TRUE
INFO [2015-09-23 18:17:04] 
INFO [2015-09-23 18:17:04] $margin
INFO [2015-09-23 18:17:04] [1] 0.2
INFO [2015-09-23 18:17:04] 
INFO [2015-09-23 18:17:04] $main
INFO [2015-09-23 18:17:04] title
INFO [2015-09-23 18:17:04] 
INFO [2015-09-23 18:17:04] $filename
INFO [2015-09-23 18:17:04] NULL
INFO [2015-09-23 18:17:04] 
