INFO [2015-09-23 17:24:26] [[1]]
INFO [2015-09-23 17:24:26] res_list
INFO [2015-09-23 17:24:26] 
INFO [2015-09-23 17:24:26] $scaled
INFO [2015-09-23 17:24:26] [1] TRUE
INFO [2015-09-23 17:24:26] 
INFO [2015-09-23 17:24:26] $ext.text
INFO [2015-09-23 17:24:26] [1] TRUE
INFO [2015-09-23 17:24:26] 
INFO [2015-09-23 17:24:26] $col
INFO [2015-09-23 17:24:26] [1] "transparent"
INFO [2015-09-23 17:24:26] 
INFO [2015-09-23 17:24:26] $fill
INFO [2015-09-23 17:24:26] fills[1:length(res_list)]
INFO [2015-09-23 17:24:26] 
INFO [2015-09-23 17:24:26] $alpha
INFO [2015-09-23 17:24:26] [1] 0.5
INFO [2015-09-23 17:24:26] 
INFO [2015-09-23 17:24:26] $cex
INFO [2015-09-23 17:24:26] [1] 2
INFO [2015-09-23 17:24:26] 
INFO [2015-09-23 17:24:26] $cat.pos
INFO [2015-09-23 17:24:26] positions[[length(res_list)]]
INFO [2015-09-23 17:24:26] 
INFO [2015-09-23 17:24:26] $euler.d
INFO [2015-09-23 17:24:26] [1] TRUE
INFO [2015-09-23 17:24:26] 
INFO [2015-09-23 17:24:26] $margin
INFO [2015-09-23 17:24:26] [1] 0.2
INFO [2015-09-23 17:24:26] 
INFO [2015-09-23 17:24:26] $main
INFO [2015-09-23 17:24:26] title
INFO [2015-09-23 17:24:26] 
INFO [2015-09-23 17:24:26] $filename
INFO [2015-09-23 17:24:26] NULL
INFO [2015-09-23 17:24:26] 
