INFO [2015-09-23 18:15:13] [[1]]
INFO [2015-09-23 18:15:13] res_list
INFO [2015-09-23 18:15:13] 
INFO [2015-09-23 18:15:13] $scaled
INFO [2015-09-23 18:15:13] [1] TRUE
INFO [2015-09-23 18:15:13] 
INFO [2015-09-23 18:15:13] $ext.text
INFO [2015-09-23 18:15:13] [1] TRUE
INFO [2015-09-23 18:15:13] 
INFO [2015-09-23 18:15:13] $col
INFO [2015-09-23 18:15:13] [1] "transparent"
INFO [2015-09-23 18:15:13] 
INFO [2015-09-23 18:15:13] $fill
INFO [2015-09-23 18:15:13] fills[1:length(res_list)]
INFO [2015-09-23 18:15:13] 
INFO [2015-09-23 18:15:13] $alpha
INFO [2015-09-23 18:15:13] [1] 0.5
INFO [2015-09-23 18:15:13] 
INFO [2015-09-23 18:15:13] $cex
INFO [2015-09-23 18:15:13] [1] 2
INFO [2015-09-23 18:15:13] 
INFO [2015-09-23 18:15:13] $cat.pos
INFO [2015-09-23 18:15:13] positions[[length(res_list)]]
INFO [2015-09-23 18:15:13] 
INFO [2015-09-23 18:15:13] $euler.d
INFO [2015-09-23 18:15:13] [1] TRUE
INFO [2015-09-23 18:15:13] 
INFO [2015-09-23 18:15:13] $margin
INFO [2015-09-23 18:15:13] [1] 0.2
INFO [2015-09-23 18:15:13] 
INFO [2015-09-23 18:15:13] $main
INFO [2015-09-23 18:15:13] title
INFO [2015-09-23 18:15:13] 
INFO [2015-09-23 18:15:13] $filename
INFO [2015-09-23 18:15:13] NULL
INFO [2015-09-23 18:15:13] 
INFO [2015-09-23 18:15:13] [[1]]
INFO [2015-09-23 18:15:13] res_list
INFO [2015-09-23 18:15:13] 
INFO [2015-09-23 18:15:13] $scaled
INFO [2015-09-23 18:15:13] [1] TRUE
INFO [2015-09-23 18:15:13] 
INFO [2015-09-23 18:15:13] $ext.text
INFO [2015-09-23 18:15:13] [1] TRUE
INFO [2015-09-23 18:15:13] 
INFO [2015-09-23 18:15:13] $col
INFO [2015-09-23 18:15:13] [1] "transparent"
INFO [2015-09-23 18:15:13] 
INFO [2015-09-23 18:15:13] $fill
INFO [2015-09-23 18:15:13] fills[1:length(res_list)]
INFO [2015-09-23 18:15:13] 
INFO [2015-09-23 18:15:13] $alpha
INFO [2015-09-23 18:15:13] [1] 0.5
INFO [2015-09-23 18:15:13] 
INFO [2015-09-23 18:15:13] $cex
INFO [2015-09-23 18:15:13] [1] 2
INFO [2015-09-23 18:15:13] 
INFO [2015-09-23 18:15:13] $cat.pos
INFO [2015-09-23 18:15:13] positions[[length(res_list)]]
INFO [2015-09-23 18:15:13] 
INFO [2015-09-23 18:15:13] $euler.d
INFO [2015-09-23 18:15:13] [1] TRUE
INFO [2015-09-23 18:15:13] 
INFO [2015-09-23 18:15:13] $margin
INFO [2015-09-23 18:15:13] [1] 0.2
INFO [2015-09-23 18:15:13] 
INFO [2015-09-23 18:15:13] $main
INFO [2015-09-23 18:15:13] title
INFO [2015-09-23 18:15:13] 
INFO [2015-09-23 18:15:13] $filename
INFO [2015-09-23 18:15:13] NULL
INFO [2015-09-23 18:15:13] 
