INFO [2015-09-23 18:18:51] [[1]]
INFO [2015-09-23 18:18:51] res_list
INFO [2015-09-23 18:18:51] 
INFO [2015-09-23 18:18:51] $scaled
INFO [2015-09-23 18:18:51] [1] TRUE
INFO [2015-09-23 18:18:51] 
INFO [2015-09-23 18:18:51] $ext.text
INFO [2015-09-23 18:18:51] [1] TRUE
INFO [2015-09-23 18:18:51] 
INFO [2015-09-23 18:18:51] $col
INFO [2015-09-23 18:18:51] [1] "transparent"
INFO [2015-09-23 18:18:51] 
INFO [2015-09-23 18:18:51] $fill
INFO [2015-09-23 18:18:51] fills[1:length(res_list)]
INFO [2015-09-23 18:18:51] 
INFO [2015-09-23 18:18:51] $alpha
INFO [2015-09-23 18:18:51] [1] 0.5
INFO [2015-09-23 18:18:51] 
INFO [2015-09-23 18:18:51] $cex
INFO [2015-09-23 18:18:51] [1] 2
INFO [2015-09-23 18:18:51] 
INFO [2015-09-23 18:18:51] $cat.pos
INFO [2015-09-23 18:18:51] positions[[length(res_list)]]
INFO [2015-09-23 18:18:51] 
INFO [2015-09-23 18:18:51] $euler.d
INFO [2015-09-23 18:18:51] [1] TRUE
INFO [2015-09-23 18:18:51] 
INFO [2015-09-23 18:18:51] $margin
INFO [2015-09-23 18:18:51] [1] 0.2
INFO [2015-09-23 18:18:51] 
INFO [2015-09-23 18:18:51] $main
INFO [2015-09-23 18:18:51] title
INFO [2015-09-23 18:18:51] 
INFO [2015-09-23 18:18:51] $filename
INFO [2015-09-23 18:18:51] NULL
INFO [2015-09-23 18:18:51] 
INFO [2015-09-23 18:18:51] [[1]]
INFO [2015-09-23 18:18:51] res_list
INFO [2015-09-23 18:18:51] 
INFO [2015-09-23 18:18:51] $scaled
INFO [2015-09-23 18:18:51] [1] TRUE
INFO [2015-09-23 18:18:51] 
INFO [2015-09-23 18:18:51] $ext.text
INFO [2015-09-23 18:18:51] [1] TRUE
INFO [2015-09-23 18:18:51] 
INFO [2015-09-23 18:18:51] $col
INFO [2015-09-23 18:18:51] [1] "transparent"
INFO [2015-09-23 18:18:51] 
INFO [2015-09-23 18:18:51] $fill
INFO [2015-09-23 18:18:51] fills[1:length(res_list)]
INFO [2015-09-23 18:18:51] 
INFO [2015-09-23 18:18:51] $alpha
INFO [2015-09-23 18:18:51] [1] 0.5
INFO [2015-09-23 18:18:51] 
INFO [2015-09-23 18:18:51] $cex
INFO [2015-09-23 18:18:51] [1] 2
INFO [2015-09-23 18:18:51] 
INFO [2015-09-23 18:18:51] $cat.pos
INFO [2015-09-23 18:18:51] positions[[length(res_list)]]
INFO [2015-09-23 18:18:51] 
INFO [2015-09-23 18:18:51] $euler.d
INFO [2015-09-23 18:18:51] [1] TRUE
INFO [2015-09-23 18:18:51] 
INFO [2015-09-23 18:18:51] $margin
INFO [2015-09-23 18:18:51] [1] 0.2
INFO [2015-09-23 18:18:51] 
INFO [2015-09-23 18:18:51] $main
INFO [2015-09-23 18:18:51] title
INFO [2015-09-23 18:18:51] 
INFO [2015-09-23 18:18:51] $filename
INFO [2015-09-23 18:18:51] NULL
INFO [2015-09-23 18:18:51] 
