INFO [2015-09-23 17:23:31] [[1]]
INFO [2015-09-23 17:23:31] res_list
INFO [2015-09-23 17:23:31] 
INFO [2015-09-23 17:23:31] $scaled
INFO [2015-09-23 17:23:31] [1] TRUE
INFO [2015-09-23 17:23:31] 
INFO [2015-09-23 17:23:31] $ext.text
INFO [2015-09-23 17:23:31] [1] TRUE
INFO [2015-09-23 17:23:31] 
INFO [2015-09-23 17:23:31] $col
INFO [2015-09-23 17:23:31] [1] "transparent"
INFO [2015-09-23 17:23:31] 
INFO [2015-09-23 17:23:31] $fill
INFO [2015-09-23 17:23:31] fills[1:length(res_list)]
INFO [2015-09-23 17:23:31] 
INFO [2015-09-23 17:23:31] $alpha
INFO [2015-09-23 17:23:31] [1] 0.5
INFO [2015-09-23 17:23:31] 
INFO [2015-09-23 17:23:31] $cex
INFO [2015-09-23 17:23:31] [1] 2
INFO [2015-09-23 17:23:31] 
INFO [2015-09-23 17:23:31] $cat.pos
INFO [2015-09-23 17:23:31] positions[[length(res_list)]]
INFO [2015-09-23 17:23:31] 
INFO [2015-09-23 17:23:31] $euler.d
INFO [2015-09-23 17:23:31] [1] TRUE
INFO [2015-09-23 17:23:31] 
INFO [2015-09-23 17:23:31] $margin
INFO [2015-09-23 17:23:31] [1] 0.2
INFO [2015-09-23 17:23:31] 
INFO [2015-09-23 17:23:31] $main
INFO [2015-09-23 17:23:31] title
INFO [2015-09-23 17:23:31] 
INFO [2015-09-23 17:23:31] $filename
INFO [2015-09-23 17:23:31] NULL
INFO [2015-09-23 17:23:31] 
INFO [2015-09-23 17:23:31] [[1]]
INFO [2015-09-23 17:23:31] res_list
INFO [2015-09-23 17:23:31] 
INFO [2015-09-23 17:23:31] $scaled
INFO [2015-09-23 17:23:31] [1] TRUE
INFO [2015-09-23 17:23:31] 
INFO [2015-09-23 17:23:31] $ext.text
INFO [2015-09-23 17:23:31] [1] TRUE
INFO [2015-09-23 17:23:31] 
INFO [2015-09-23 17:23:31] $col
INFO [2015-09-23 17:23:31] [1] "transparent"
INFO [2015-09-23 17:23:31] 
INFO [2015-09-23 17:23:31] $fill
INFO [2015-09-23 17:23:31] fills[1:length(res_list)]
INFO [2015-09-23 17:23:31] 
INFO [2015-09-23 17:23:31] $alpha
INFO [2015-09-23 17:23:31] [1] 0.5
INFO [2015-09-23 17:23:31] 
INFO [2015-09-23 17:23:31] $cex
INFO [2015-09-23 17:23:31] [1] 2
INFO [2015-09-23 17:23:31] 
INFO [2015-09-23 17:23:31] $cat.pos
INFO [2015-09-23 17:23:31] positions[[length(res_list)]]
INFO [2015-09-23 17:23:31] 
INFO [2015-09-23 17:23:31] $euler.d
INFO [2015-09-23 17:23:31] [1] TRUE
INFO [2015-09-23 17:23:31] 
INFO [2015-09-23 17:23:31] $margin
INFO [2015-09-23 17:23:31] [1] 0.2
INFO [2015-09-23 17:23:31] 
INFO [2015-09-23 17:23:31] $main
INFO [2015-09-23 17:23:31] title
INFO [2015-09-23 17:23:31] 
INFO [2015-09-23 17:23:31] $filename
INFO [2015-09-23 17:23:31] NULL
INFO [2015-09-23 17:23:31] 
