INFO [2015-09-23 18:17:15] [[1]]
INFO [2015-09-23 18:17:15] res_list
INFO [2015-09-23 18:17:15] 
INFO [2015-09-23 18:17:15] $scaled
INFO [2015-09-23 18:17:15] [1] TRUE
INFO [2015-09-23 18:17:15] 
INFO [2015-09-23 18:17:15] $ext.text
INFO [2015-09-23 18:17:15] [1] TRUE
INFO [2015-09-23 18:17:15] 
INFO [2015-09-23 18:17:15] $col
INFO [2015-09-23 18:17:15] [1] "transparent"
INFO [2015-09-23 18:17:15] 
INFO [2015-09-23 18:17:15] $fill
INFO [2015-09-23 18:17:15] fills[1:length(res_list)]
INFO [2015-09-23 18:17:15] 
INFO [2015-09-23 18:17:15] $alpha
INFO [2015-09-23 18:17:15] [1] 0.5
INFO [2015-09-23 18:17:15] 
INFO [2015-09-23 18:17:15] $cex
INFO [2015-09-23 18:17:15] [1] 2
INFO [2015-09-23 18:17:15] 
INFO [2015-09-23 18:17:15] $cat.pos
INFO [2015-09-23 18:17:15] positions[[length(res_list)]]
INFO [2015-09-23 18:17:15] 
INFO [2015-09-23 18:17:15] $euler.d
INFO [2015-09-23 18:17:15] [1] TRUE
INFO [2015-09-23 18:17:15] 
INFO [2015-09-23 18:17:15] $margin
INFO [2015-09-23 18:17:15] [1] 0.2
INFO [2015-09-23 18:17:15] 
INFO [2015-09-23 18:17:15] $main
INFO [2015-09-23 18:17:15] title
INFO [2015-09-23 18:17:15] 
INFO [2015-09-23 18:17:15] $filename
INFO [2015-09-23 18:17:15] NULL
INFO [2015-09-23 18:17:15] 
