INFO [2015-09-23 17:23:36] [[1]]
INFO [2015-09-23 17:23:36] res_list
INFO [2015-09-23 17:23:36] 
INFO [2015-09-23 17:23:36] $scaled
INFO [2015-09-23 17:23:36] [1] TRUE
INFO [2015-09-23 17:23:36] 
INFO [2015-09-23 17:23:36] $ext.text
INFO [2015-09-23 17:23:36] [1] TRUE
INFO [2015-09-23 17:23:36] 
INFO [2015-09-23 17:23:36] $col
INFO [2015-09-23 17:23:36] [1] "transparent"
INFO [2015-09-23 17:23:36] 
INFO [2015-09-23 17:23:36] $fill
INFO [2015-09-23 17:23:36] fills[1:length(res_list)]
INFO [2015-09-23 17:23:36] 
INFO [2015-09-23 17:23:36] $alpha
INFO [2015-09-23 17:23:36] [1] 0.5
INFO [2015-09-23 17:23:36] 
INFO [2015-09-23 17:23:36] $cex
INFO [2015-09-23 17:23:36] [1] 2
INFO [2015-09-23 17:23:36] 
INFO [2015-09-23 17:23:36] $cat.pos
INFO [2015-09-23 17:23:36] positions[[length(res_list)]]
INFO [2015-09-23 17:23:36] 
INFO [2015-09-23 17:23:36] $euler.d
INFO [2015-09-23 17:23:36] [1] TRUE
INFO [2015-09-23 17:23:36] 
INFO [2015-09-23 17:23:36] $margin
INFO [2015-09-23 17:23:36] [1] 0.2
INFO [2015-09-23 17:23:36] 
INFO [2015-09-23 17:23:36] $main
INFO [2015-09-23 17:23:36] title
INFO [2015-09-23 17:23:36] 
INFO [2015-09-23 17:23:36] $filename
INFO [2015-09-23 17:23:36] NULL
INFO [2015-09-23 17:23:36] 
