INFO [2015-09-23 18:15:14] [[1]]
INFO [2015-09-23 18:15:14] res_list
INFO [2015-09-23 18:15:14] 
INFO [2015-09-23 18:15:14] $scaled
INFO [2015-09-23 18:15:14] [1] TRUE
INFO [2015-09-23 18:15:14] 
INFO [2015-09-23 18:15:14] $ext.text
INFO [2015-09-23 18:15:14] [1] TRUE
INFO [2015-09-23 18:15:14] 
INFO [2015-09-23 18:15:14] $col
INFO [2015-09-23 18:15:14] [1] "transparent"
INFO [2015-09-23 18:15:14] 
INFO [2015-09-23 18:15:14] $fill
INFO [2015-09-23 18:15:14] fills[1:length(res_list)]
INFO [2015-09-23 18:15:14] 
INFO [2015-09-23 18:15:14] $alpha
INFO [2015-09-23 18:15:14] [1] 0.5
INFO [2015-09-23 18:15:14] 
INFO [2015-09-23 18:15:14] $cex
INFO [2015-09-23 18:15:14] [1] 2
INFO [2015-09-23 18:15:14] 
INFO [2015-09-23 18:15:14] $cat.pos
INFO [2015-09-23 18:15:14] positions[[length(res_list)]]
INFO [2015-09-23 18:15:14] 
INFO [2015-09-23 18:15:14] $euler.d
INFO [2015-09-23 18:15:14] [1] TRUE
INFO [2015-09-23 18:15:14] 
INFO [2015-09-23 18:15:14] $margin
INFO [2015-09-23 18:15:14] [1] 0.2
INFO [2015-09-23 18:15:14] 
INFO [2015-09-23 18:15:14] $main
INFO [2015-09-23 18:15:14] title
INFO [2015-09-23 18:15:14] 
INFO [2015-09-23 18:15:14] $filename
INFO [2015-09-23 18:15:14] NULL
INFO [2015-09-23 18:15:14] 
INFO [2015-09-23 18:15:14] [[1]]
INFO [2015-09-23 18:15:14] res_list
INFO [2015-09-23 18:15:14] 
INFO [2015-09-23 18:15:14] $scaled
INFO [2015-09-23 18:15:14] [1] TRUE
INFO [2015-09-23 18:15:14] 
INFO [2015-09-23 18:15:14] $ext.text
INFO [2015-09-23 18:15:14] [1] TRUE
INFO [2015-09-23 18:15:14] 
INFO [2015-09-23 18:15:14] $col
INFO [2015-09-23 18:15:14] [1] "transparent"
INFO [2015-09-23 18:15:14] 
INFO [2015-09-23 18:15:14] $fill
INFO [2015-09-23 18:15:14] fills[1:length(res_list)]
INFO [2015-09-23 18:15:14] 
INFO [2015-09-23 18:15:14] $alpha
INFO [2015-09-23 18:15:14] [1] 0.5
INFO [2015-09-23 18:15:14] 
INFO [2015-09-23 18:15:14] $cex
INFO [2015-09-23 18:15:14] [1] 2
INFO [2015-09-23 18:15:14] 
INFO [2015-09-23 18:15:14] $cat.pos
INFO [2015-09-23 18:15:14] positions[[length(res_list)]]
INFO [2015-09-23 18:15:14] 
INFO [2015-09-23 18:15:14] $euler.d
INFO [2015-09-23 18:15:14] [1] TRUE
INFO [2015-09-23 18:15:14] 
INFO [2015-09-23 18:15:14] $margin
INFO [2015-09-23 18:15:14] [1] 0.2
INFO [2015-09-23 18:15:14] 
INFO [2015-09-23 18:15:14] $main
INFO [2015-09-23 18:15:14] title
INFO [2015-09-23 18:15:14] 
INFO [2015-09-23 18:15:14] $filename
INFO [2015-09-23 18:15:14] NULL
INFO [2015-09-23 18:15:14] 
