INFO [2015-09-23 17:23:29] [[1]]
INFO [2015-09-23 17:23:29] res_list
INFO [2015-09-23 17:23:29] 
INFO [2015-09-23 17:23:29] $scaled
INFO [2015-09-23 17:23:29] [1] TRUE
INFO [2015-09-23 17:23:29] 
INFO [2015-09-23 17:23:29] $ext.text
INFO [2015-09-23 17:23:29] [1] TRUE
INFO [2015-09-23 17:23:29] 
INFO [2015-09-23 17:23:29] $col
INFO [2015-09-23 17:23:29] [1] "transparent"
INFO [2015-09-23 17:23:29] 
INFO [2015-09-23 17:23:29] $fill
INFO [2015-09-23 17:23:29] fills[1:length(res_list)]
INFO [2015-09-23 17:23:29] 
INFO [2015-09-23 17:23:29] $alpha
INFO [2015-09-23 17:23:29] [1] 0.5
INFO [2015-09-23 17:23:29] 
INFO [2015-09-23 17:23:29] $cex
INFO [2015-09-23 17:23:29] [1] 2
INFO [2015-09-23 17:23:29] 
INFO [2015-09-23 17:23:29] $cat.pos
INFO [2015-09-23 17:23:29] positions[[length(res_list)]]
INFO [2015-09-23 17:23:29] 
INFO [2015-09-23 17:23:29] $euler.d
INFO [2015-09-23 17:23:29] [1] TRUE
INFO [2015-09-23 17:23:29] 
INFO [2015-09-23 17:23:29] $margin
INFO [2015-09-23 17:23:29] [1] 0.2
INFO [2015-09-23 17:23:29] 
INFO [2015-09-23 17:23:29] $main
INFO [2015-09-23 17:23:29] title
INFO [2015-09-23 17:23:29] 
INFO [2015-09-23 17:23:29] $filename
INFO [2015-09-23 17:23:29] NULL
INFO [2015-09-23 17:23:29] 
INFO [2015-09-23 17:23:29] [[1]]
INFO [2015-09-23 17:23:29] res_list
INFO [2015-09-23 17:23:29] 
INFO [2015-09-23 17:23:29] $scaled
INFO [2015-09-23 17:23:29] [1] TRUE
INFO [2015-09-23 17:23:29] 
INFO [2015-09-23 17:23:29] $ext.text
INFO [2015-09-23 17:23:29] [1] TRUE
INFO [2015-09-23 17:23:29] 
INFO [2015-09-23 17:23:29] $col
INFO [2015-09-23 17:23:29] [1] "transparent"
INFO [2015-09-23 17:23:29] 
INFO [2015-09-23 17:23:29] $fill
INFO [2015-09-23 17:23:29] fills[1:length(res_list)]
INFO [2015-09-23 17:23:29] 
INFO [2015-09-23 17:23:29] $alpha
INFO [2015-09-23 17:23:29] [1] 0.5
INFO [2015-09-23 17:23:29] 
INFO [2015-09-23 17:23:29] $cex
INFO [2015-09-23 17:23:29] [1] 2
INFO [2015-09-23 17:23:29] 
INFO [2015-09-23 17:23:29] $cat.pos
INFO [2015-09-23 17:23:29] positions[[length(res_list)]]
INFO [2015-09-23 17:23:29] 
INFO [2015-09-23 17:23:29] $euler.d
INFO [2015-09-23 17:23:29] [1] TRUE
INFO [2015-09-23 17:23:29] 
INFO [2015-09-23 17:23:29] $margin
INFO [2015-09-23 17:23:29] [1] 0.2
INFO [2015-09-23 17:23:29] 
INFO [2015-09-23 17:23:29] $main
INFO [2015-09-23 17:23:29] title
INFO [2015-09-23 17:23:29] 
INFO [2015-09-23 17:23:29] $filename
INFO [2015-09-23 17:23:29] NULL
INFO [2015-09-23 17:23:29] 
