INFO [2015-09-23 17:13:42] [[1]]
INFO [2015-09-23 17:13:42] res_list
INFO [2015-09-23 17:13:42] 
INFO [2015-09-23 17:13:42] $scaled
INFO [2015-09-23 17:13:42] [1] TRUE
INFO [2015-09-23 17:13:42] 
INFO [2015-09-23 17:13:42] $ext.text
INFO [2015-09-23 17:13:42] [1] TRUE
INFO [2015-09-23 17:13:42] 
INFO [2015-09-23 17:13:42] $col
INFO [2015-09-23 17:13:42] [1] "transparent"
INFO [2015-09-23 17:13:42] 
INFO [2015-09-23 17:13:42] $fill
INFO [2015-09-23 17:13:42] fills[1:length(res_list)]
INFO [2015-09-23 17:13:42] 
INFO [2015-09-23 17:13:42] $alpha
INFO [2015-09-23 17:13:42] [1] 0.5
INFO [2015-09-23 17:13:42] 
INFO [2015-09-23 17:13:42] $cex
INFO [2015-09-23 17:13:42] [1] 2
INFO [2015-09-23 17:13:42] 
INFO [2015-09-23 17:13:42] $cat.pos
INFO [2015-09-23 17:13:42] positions[[length(res_list)]]
INFO [2015-09-23 17:13:42] 
INFO [2015-09-23 17:13:42] $euler.d
INFO [2015-09-23 17:13:42] [1] TRUE
INFO [2015-09-23 17:13:42] 
INFO [2015-09-23 17:13:42] $margin
INFO [2015-09-23 17:13:42] [1] 0.2
INFO [2015-09-23 17:13:42] 
INFO [2015-09-23 17:13:42] $main
INFO [2015-09-23 17:13:42] title
INFO [2015-09-23 17:13:42] 
INFO [2015-09-23 17:13:42] $filename
INFO [2015-09-23 17:13:42] NULL
INFO [2015-09-23 17:13:42] 
INFO [2015-09-23 17:13:42] [[1]]
INFO [2015-09-23 17:13:42] res_list
INFO [2015-09-23 17:13:42] 
INFO [2015-09-23 17:13:42] $scaled
INFO [2015-09-23 17:13:42] [1] TRUE
INFO [2015-09-23 17:13:42] 
INFO [2015-09-23 17:13:42] $ext.text
INFO [2015-09-23 17:13:42] [1] TRUE
INFO [2015-09-23 17:13:42] 
INFO [2015-09-23 17:13:42] $col
INFO [2015-09-23 17:13:42] [1] "transparent"
INFO [2015-09-23 17:13:42] 
INFO [2015-09-23 17:13:42] $fill
INFO [2015-09-23 17:13:42] fills[1:length(res_list)]
INFO [2015-09-23 17:13:42] 
INFO [2015-09-23 17:13:42] $alpha
INFO [2015-09-23 17:13:42] [1] 0.5
INFO [2015-09-23 17:13:42] 
INFO [2015-09-23 17:13:42] $cex
INFO [2015-09-23 17:13:42] [1] 2
INFO [2015-09-23 17:13:42] 
INFO [2015-09-23 17:13:42] $cat.pos
INFO [2015-09-23 17:13:42] positions[[length(res_list)]]
INFO [2015-09-23 17:13:42] 
INFO [2015-09-23 17:13:42] $euler.d
INFO [2015-09-23 17:13:42] [1] TRUE
INFO [2015-09-23 17:13:42] 
INFO [2015-09-23 17:13:42] $margin
INFO [2015-09-23 17:13:42] [1] 0.2
INFO [2015-09-23 17:13:42] 
INFO [2015-09-23 17:13:42] $main
INFO [2015-09-23 17:13:42] title
INFO [2015-09-23 17:13:42] 
INFO [2015-09-23 17:13:42] $filename
INFO [2015-09-23 17:13:42] NULL
INFO [2015-09-23 17:13:42] 
