INFO [2015-09-23 17:13:38] [[1]]
INFO [2015-09-23 17:13:38] res_list
INFO [2015-09-23 17:13:38] 
INFO [2015-09-23 17:13:38] $scaled
INFO [2015-09-23 17:13:38] [1] TRUE
INFO [2015-09-23 17:13:38] 
INFO [2015-09-23 17:13:38] $ext.text
INFO [2015-09-23 17:13:38] [1] TRUE
INFO [2015-09-23 17:13:38] 
INFO [2015-09-23 17:13:38] $col
INFO [2015-09-23 17:13:38] [1] "transparent"
INFO [2015-09-23 17:13:38] 
INFO [2015-09-23 17:13:38] $fill
INFO [2015-09-23 17:13:38] fills[1:length(res_list)]
INFO [2015-09-23 17:13:38] 
INFO [2015-09-23 17:13:38] $alpha
INFO [2015-09-23 17:13:38] [1] 0.5
INFO [2015-09-23 17:13:38] 
INFO [2015-09-23 17:13:38] $cex
INFO [2015-09-23 17:13:38] [1] 2
INFO [2015-09-23 17:13:38] 
INFO [2015-09-23 17:13:38] $cat.pos
INFO [2015-09-23 17:13:38] positions[[length(res_list)]]
INFO [2015-09-23 17:13:38] 
INFO [2015-09-23 17:13:38] $euler.d
INFO [2015-09-23 17:13:38] [1] TRUE
INFO [2015-09-23 17:13:38] 
INFO [2015-09-23 17:13:38] $margin
INFO [2015-09-23 17:13:38] [1] 0.2
INFO [2015-09-23 17:13:38] 
INFO [2015-09-23 17:13:38] $main
INFO [2015-09-23 17:13:38] title
INFO [2015-09-23 17:13:38] 
INFO [2015-09-23 17:13:38] $filename
INFO [2015-09-23 17:13:38] NULL
INFO [2015-09-23 17:13:38] 
INFO [2015-09-23 17:13:38] [[1]]
INFO [2015-09-23 17:13:38] res_list
INFO [2015-09-23 17:13:38] 
INFO [2015-09-23 17:13:38] $scaled
INFO [2015-09-23 17:13:38] [1] TRUE
INFO [2015-09-23 17:13:38] 
INFO [2015-09-23 17:13:38] $ext.text
INFO [2015-09-23 17:13:38] [1] TRUE
INFO [2015-09-23 17:13:38] 
INFO [2015-09-23 17:13:38] $col
INFO [2015-09-23 17:13:38] [1] "transparent"
INFO [2015-09-23 17:13:38] 
INFO [2015-09-23 17:13:38] $fill
INFO [2015-09-23 17:13:38] fills[1:length(res_list)]
INFO [2015-09-23 17:13:38] 
INFO [2015-09-23 17:13:38] $alpha
INFO [2015-09-23 17:13:38] [1] 0.5
INFO [2015-09-23 17:13:38] 
INFO [2015-09-23 17:13:38] $cex
INFO [2015-09-23 17:13:38] [1] 2
INFO [2015-09-23 17:13:38] 
INFO [2015-09-23 17:13:38] $cat.pos
INFO [2015-09-23 17:13:38] positions[[length(res_list)]]
INFO [2015-09-23 17:13:38] 
INFO [2015-09-23 17:13:38] $euler.d
INFO [2015-09-23 17:13:38] [1] TRUE
INFO [2015-09-23 17:13:38] 
INFO [2015-09-23 17:13:38] $margin
INFO [2015-09-23 17:13:38] [1] 0.2
INFO [2015-09-23 17:13:38] 
INFO [2015-09-23 17:13:38] $main
INFO [2015-09-23 17:13:38] title
INFO [2015-09-23 17:13:38] 
INFO [2015-09-23 17:13:38] $filename
INFO [2015-09-23 17:13:38] NULL
INFO [2015-09-23 17:13:38] 
