INFO [2015-09-23 18:15:24] [[1]]
INFO [2015-09-23 18:15:24] res_list
INFO [2015-09-23 18:15:24] 
INFO [2015-09-23 18:15:24] $scaled
INFO [2015-09-23 18:15:24] [1] TRUE
INFO [2015-09-23 18:15:24] 
INFO [2015-09-23 18:15:24] $ext.text
INFO [2015-09-23 18:15:24] [1] TRUE
INFO [2015-09-23 18:15:24] 
INFO [2015-09-23 18:15:24] $col
INFO [2015-09-23 18:15:24] [1] "transparent"
INFO [2015-09-23 18:15:24] 
INFO [2015-09-23 18:15:24] $fill
INFO [2015-09-23 18:15:24] fills[1:length(res_list)]
INFO [2015-09-23 18:15:24] 
INFO [2015-09-23 18:15:24] $alpha
INFO [2015-09-23 18:15:24] [1] 0.5
INFO [2015-09-23 18:15:24] 
INFO [2015-09-23 18:15:24] $cex
INFO [2015-09-23 18:15:24] [1] 2
INFO [2015-09-23 18:15:24] 
INFO [2015-09-23 18:15:24] $cat.pos
INFO [2015-09-23 18:15:24] positions[[length(res_list)]]
INFO [2015-09-23 18:15:24] 
INFO [2015-09-23 18:15:24] $euler.d
INFO [2015-09-23 18:15:24] [1] TRUE
INFO [2015-09-23 18:15:24] 
INFO [2015-09-23 18:15:24] $margin
INFO [2015-09-23 18:15:24] [1] 0.2
INFO [2015-09-23 18:15:24] 
INFO [2015-09-23 18:15:24] $main
INFO [2015-09-23 18:15:24] title
INFO [2015-09-23 18:15:24] 
INFO [2015-09-23 18:15:24] $filename
INFO [2015-09-23 18:15:24] NULL
INFO [2015-09-23 18:15:24] 
