INFO [2015-09-25 17:57:00] [[1]]
INFO [2015-09-25 17:57:00] res_list
INFO [2015-09-25 17:57:00] 
INFO [2015-09-25 17:57:00] $scaled
INFO [2015-09-25 17:57:00] [1] TRUE
INFO [2015-09-25 17:57:00] 
INFO [2015-09-25 17:57:00] $ext.text
INFO [2015-09-25 17:57:00] [1] TRUE
INFO [2015-09-25 17:57:00] 
INFO [2015-09-25 17:57:00] $col
INFO [2015-09-25 17:57:00] [1] "transparent"
INFO [2015-09-25 17:57:00] 
INFO [2015-09-25 17:57:00] $fill
INFO [2015-09-25 17:57:00] fills[1:length(res_list)]
INFO [2015-09-25 17:57:00] 
INFO [2015-09-25 17:57:00] $alpha
INFO [2015-09-25 17:57:00] [1] 0.5
INFO [2015-09-25 17:57:00] 
INFO [2015-09-25 17:57:00] $cex
INFO [2015-09-25 17:57:00] [1] 2
INFO [2015-09-25 17:57:00] 
INFO [2015-09-25 17:57:00] $cat.pos
INFO [2015-09-25 17:57:00] positions[[length(res_list)]]
INFO [2015-09-25 17:57:00] 
INFO [2015-09-25 17:57:00] $euler.d
INFO [2015-09-25 17:57:00] [1] TRUE
INFO [2015-09-25 17:57:00] 
INFO [2015-09-25 17:57:00] $margin
INFO [2015-09-25 17:57:00] [1] 0.2
INFO [2015-09-25 17:57:00] 
INFO [2015-09-25 17:57:00] $main
INFO [2015-09-25 17:57:00] title
INFO [2015-09-25 17:57:00] 
INFO [2015-09-25 17:57:00] $filename
INFO [2015-09-25 17:57:00] NULL
INFO [2015-09-25 17:57:00] 
INFO [2015-09-25 17:57:00] [[1]]
INFO [2015-09-25 17:57:00] res_list
INFO [2015-09-25 17:57:00] 
INFO [2015-09-25 17:57:00] $scaled
INFO [2015-09-25 17:57:00] [1] TRUE
INFO [2015-09-25 17:57:00] 
INFO [2015-09-25 17:57:00] $ext.text
INFO [2015-09-25 17:57:00] [1] TRUE
INFO [2015-09-25 17:57:00] 
INFO [2015-09-25 17:57:00] $col
INFO [2015-09-25 17:57:00] [1] "transparent"
INFO [2015-09-25 17:57:00] 
INFO [2015-09-25 17:57:00] $fill
INFO [2015-09-25 17:57:00] fills[1:length(res_list)]
INFO [2015-09-25 17:57:00] 
INFO [2015-09-25 17:57:00] $alpha
INFO [2015-09-25 17:57:00] [1] 0.5
INFO [2015-09-25 17:57:00] 
INFO [2015-09-25 17:57:00] $cex
INFO [2015-09-25 17:57:00] [1] 2
INFO [2015-09-25 17:57:00] 
INFO [2015-09-25 17:57:00] $cat.pos
INFO [2015-09-25 17:57:00] positions[[length(res_list)]]
INFO [2015-09-25 17:57:00] 
INFO [2015-09-25 17:57:00] $euler.d
INFO [2015-09-25 17:57:00] [1] TRUE
INFO [2015-09-25 17:57:00] 
INFO [2015-09-25 17:57:00] $margin
INFO [2015-09-25 17:57:00] [1] 0.2
INFO [2015-09-25 17:57:00] 
INFO [2015-09-25 17:57:00] $main
INFO [2015-09-25 17:57:00] title
INFO [2015-09-25 17:57:00] 
INFO [2015-09-25 17:57:00] $filename
INFO [2015-09-25 17:57:00] NULL
INFO [2015-09-25 17:57:00] 
