INFO [2015-09-23 17:24:09] [[1]]
INFO [2015-09-23 17:24:09] res_list
INFO [2015-09-23 17:24:09] 
INFO [2015-09-23 17:24:09] $scaled
INFO [2015-09-23 17:24:09] [1] TRUE
INFO [2015-09-23 17:24:09] 
INFO [2015-09-23 17:24:09] $ext.text
INFO [2015-09-23 17:24:09] [1] TRUE
INFO [2015-09-23 17:24:09] 
INFO [2015-09-23 17:24:09] $col
INFO [2015-09-23 17:24:09] [1] "transparent"
INFO [2015-09-23 17:24:09] 
INFO [2015-09-23 17:24:09] $fill
INFO [2015-09-23 17:24:09] fills[1:length(res_list)]
INFO [2015-09-23 17:24:09] 
INFO [2015-09-23 17:24:09] $alpha
INFO [2015-09-23 17:24:09] [1] 0.5
INFO [2015-09-23 17:24:09] 
INFO [2015-09-23 17:24:09] $cex
INFO [2015-09-23 17:24:09] [1] 2
INFO [2015-09-23 17:24:09] 
INFO [2015-09-23 17:24:09] $cat.pos
INFO [2015-09-23 17:24:09] positions[[length(res_list)]]
INFO [2015-09-23 17:24:09] 
INFO [2015-09-23 17:24:09] $euler.d
INFO [2015-09-23 17:24:09] [1] TRUE
INFO [2015-09-23 17:24:09] 
INFO [2015-09-23 17:24:09] $margin
INFO [2015-09-23 17:24:09] [1] 0.2
INFO [2015-09-23 17:24:09] 
INFO [2015-09-23 17:24:09] $main
INFO [2015-09-23 17:24:09] title
INFO [2015-09-23 17:24:09] 
INFO [2015-09-23 17:24:09] $filename
INFO [2015-09-23 17:24:09] NULL
INFO [2015-09-23 17:24:09] 
INFO [2015-09-23 17:24:09] [[1]]
INFO [2015-09-23 17:24:09] res_list
INFO [2015-09-23 17:24:09] 
INFO [2015-09-23 17:24:09] $scaled
INFO [2015-09-23 17:24:09] [1] TRUE
INFO [2015-09-23 17:24:09] 
INFO [2015-09-23 17:24:09] $ext.text
INFO [2015-09-23 17:24:09] [1] TRUE
INFO [2015-09-23 17:24:09] 
INFO [2015-09-23 17:24:09] $col
INFO [2015-09-23 17:24:09] [1] "transparent"
INFO [2015-09-23 17:24:09] 
INFO [2015-09-23 17:24:09] $fill
INFO [2015-09-23 17:24:09] fills[1:length(res_list)]
INFO [2015-09-23 17:24:09] 
INFO [2015-09-23 17:24:09] $alpha
INFO [2015-09-23 17:24:09] [1] 0.5
INFO [2015-09-23 17:24:09] 
INFO [2015-09-23 17:24:09] $cex
INFO [2015-09-23 17:24:09] [1] 2
INFO [2015-09-23 17:24:09] 
INFO [2015-09-23 17:24:09] $cat.pos
INFO [2015-09-23 17:24:09] positions[[length(res_list)]]
INFO [2015-09-23 17:24:09] 
INFO [2015-09-23 17:24:09] $euler.d
INFO [2015-09-23 17:24:09] [1] TRUE
INFO [2015-09-23 17:24:09] 
INFO [2015-09-23 17:24:09] $margin
INFO [2015-09-23 17:24:09] [1] 0.2
INFO [2015-09-23 17:24:09] 
INFO [2015-09-23 17:24:09] $main
INFO [2015-09-23 17:24:09] title
INFO [2015-09-23 17:24:09] 
INFO [2015-09-23 17:24:09] $filename
INFO [2015-09-23 17:24:09] NULL
INFO [2015-09-23 17:24:09] 
