INFO [2015-09-23 18:15:10] [[1]]
INFO [2015-09-23 18:15:10] res_list
INFO [2015-09-23 18:15:10] 
INFO [2015-09-23 18:15:10] $scaled
INFO [2015-09-23 18:15:10] [1] TRUE
INFO [2015-09-23 18:15:10] 
INFO [2015-09-23 18:15:10] $ext.text
INFO [2015-09-23 18:15:10] [1] TRUE
INFO [2015-09-23 18:15:10] 
INFO [2015-09-23 18:15:10] $col
INFO [2015-09-23 18:15:10] [1] "transparent"
INFO [2015-09-23 18:15:10] 
INFO [2015-09-23 18:15:10] $fill
INFO [2015-09-23 18:15:10] fills[1:length(res_list)]
INFO [2015-09-23 18:15:10] 
INFO [2015-09-23 18:15:10] $alpha
INFO [2015-09-23 18:15:10] [1] 0.5
INFO [2015-09-23 18:15:10] 
INFO [2015-09-23 18:15:10] $cex
INFO [2015-09-23 18:15:10] [1] 2
INFO [2015-09-23 18:15:10] 
INFO [2015-09-23 18:15:10] $cat.pos
INFO [2015-09-23 18:15:10] positions[[length(res_list)]]
INFO [2015-09-23 18:15:10] 
INFO [2015-09-23 18:15:10] $euler.d
INFO [2015-09-23 18:15:10] [1] TRUE
INFO [2015-09-23 18:15:10] 
INFO [2015-09-23 18:15:10] $margin
INFO [2015-09-23 18:15:10] [1] 0.2
INFO [2015-09-23 18:15:10] 
INFO [2015-09-23 18:15:10] $main
INFO [2015-09-23 18:15:10] title
INFO [2015-09-23 18:15:10] 
INFO [2015-09-23 18:15:10] $filename
INFO [2015-09-23 18:15:10] NULL
INFO [2015-09-23 18:15:10] 
INFO [2015-09-23 18:15:10] [[1]]
INFO [2015-09-23 18:15:10] res_list
INFO [2015-09-23 18:15:10] 
INFO [2015-09-23 18:15:10] $scaled
INFO [2015-09-23 18:15:10] [1] TRUE
INFO [2015-09-23 18:15:10] 
INFO [2015-09-23 18:15:10] $ext.text
INFO [2015-09-23 18:15:10] [1] TRUE
INFO [2015-09-23 18:15:10] 
INFO [2015-09-23 18:15:10] $col
INFO [2015-09-23 18:15:10] [1] "transparent"
INFO [2015-09-23 18:15:10] 
INFO [2015-09-23 18:15:10] $fill
INFO [2015-09-23 18:15:10] fills[1:length(res_list)]
INFO [2015-09-23 18:15:10] 
INFO [2015-09-23 18:15:10] $alpha
INFO [2015-09-23 18:15:10] [1] 0.5
INFO [2015-09-23 18:15:10] 
INFO [2015-09-23 18:15:10] $cex
INFO [2015-09-23 18:15:10] [1] 2
INFO [2015-09-23 18:15:10] 
INFO [2015-09-23 18:15:10] $cat.pos
INFO [2015-09-23 18:15:10] positions[[length(res_list)]]
INFO [2015-09-23 18:15:10] 
INFO [2015-09-23 18:15:10] $euler.d
INFO [2015-09-23 18:15:10] [1] TRUE
INFO [2015-09-23 18:15:10] 
INFO [2015-09-23 18:15:10] $margin
INFO [2015-09-23 18:15:10] [1] 0.2
INFO [2015-09-23 18:15:10] 
INFO [2015-09-23 18:15:10] $main
INFO [2015-09-23 18:15:10] title
INFO [2015-09-23 18:15:10] 
INFO [2015-09-23 18:15:10] $filename
INFO [2015-09-23 18:15:10] NULL
INFO [2015-09-23 18:15:10] 
