INFO [2015-09-23 17:24:25] [[1]]
INFO [2015-09-23 17:24:25] res_list
INFO [2015-09-23 17:24:25] 
INFO [2015-09-23 17:24:25] $scaled
INFO [2015-09-23 17:24:25] [1] TRUE
INFO [2015-09-23 17:24:25] 
INFO [2015-09-23 17:24:25] $ext.text
INFO [2015-09-23 17:24:25] [1] TRUE
INFO [2015-09-23 17:24:25] 
INFO [2015-09-23 17:24:25] $col
INFO [2015-09-23 17:24:25] [1] "transparent"
INFO [2015-09-23 17:24:25] 
INFO [2015-09-23 17:24:25] $fill
INFO [2015-09-23 17:24:25] fills[1:length(res_list)]
INFO [2015-09-23 17:24:25] 
INFO [2015-09-23 17:24:25] $alpha
INFO [2015-09-23 17:24:25] [1] 0.5
INFO [2015-09-23 17:24:25] 
INFO [2015-09-23 17:24:25] $cex
INFO [2015-09-23 17:24:25] [1] 2
INFO [2015-09-23 17:24:25] 
INFO [2015-09-23 17:24:25] $cat.pos
INFO [2015-09-23 17:24:25] positions[[length(res_list)]]
INFO [2015-09-23 17:24:25] 
INFO [2015-09-23 17:24:25] $euler.d
INFO [2015-09-23 17:24:25] [1] TRUE
INFO [2015-09-23 17:24:25] 
INFO [2015-09-23 17:24:25] $margin
INFO [2015-09-23 17:24:25] [1] 0.2
INFO [2015-09-23 17:24:25] 
INFO [2015-09-23 17:24:25] $main
INFO [2015-09-23 17:24:25] title
INFO [2015-09-23 17:24:25] 
INFO [2015-09-23 17:24:25] $filename
INFO [2015-09-23 17:24:25] NULL
INFO [2015-09-23 17:24:25] 
INFO [2015-09-23 17:24:25] [[1]]
INFO [2015-09-23 17:24:25] res_list
INFO [2015-09-23 17:24:25] 
INFO [2015-09-23 17:24:25] $scaled
INFO [2015-09-23 17:24:25] [1] TRUE
INFO [2015-09-23 17:24:25] 
INFO [2015-09-23 17:24:25] $ext.text
INFO [2015-09-23 17:24:25] [1] TRUE
INFO [2015-09-23 17:24:25] 
INFO [2015-09-23 17:24:25] $col
INFO [2015-09-23 17:24:25] [1] "transparent"
INFO [2015-09-23 17:24:25] 
INFO [2015-09-23 17:24:25] $fill
INFO [2015-09-23 17:24:25] fills[1:length(res_list)]
INFO [2015-09-23 17:24:25] 
INFO [2015-09-23 17:24:25] $alpha
INFO [2015-09-23 17:24:25] [1] 0.5
INFO [2015-09-23 17:24:25] 
INFO [2015-09-23 17:24:25] $cex
INFO [2015-09-23 17:24:25] [1] 2
INFO [2015-09-23 17:24:25] 
INFO [2015-09-23 17:24:25] $cat.pos
INFO [2015-09-23 17:24:25] positions[[length(res_list)]]
INFO [2015-09-23 17:24:25] 
INFO [2015-09-23 17:24:25] $euler.d
INFO [2015-09-23 17:24:25] [1] TRUE
INFO [2015-09-23 17:24:25] 
INFO [2015-09-23 17:24:25] $margin
INFO [2015-09-23 17:24:25] [1] 0.2
INFO [2015-09-23 17:24:25] 
INFO [2015-09-23 17:24:25] $main
INFO [2015-09-23 17:24:25] title
INFO [2015-09-23 17:24:25] 
INFO [2015-09-23 17:24:25] $filename
INFO [2015-09-23 17:24:25] NULL
INFO [2015-09-23 17:24:25] 
