INFO [2015-09-25 17:56:54] [[1]]
INFO [2015-09-25 17:56:54] res_list
INFO [2015-09-25 17:56:54] 
INFO [2015-09-25 17:56:54] $scaled
INFO [2015-09-25 17:56:54] [1] TRUE
INFO [2015-09-25 17:56:54] 
INFO [2015-09-25 17:56:54] $ext.text
INFO [2015-09-25 17:56:54] [1] TRUE
INFO [2015-09-25 17:56:54] 
INFO [2015-09-25 17:56:54] $col
INFO [2015-09-25 17:56:54] [1] "transparent"
INFO [2015-09-25 17:56:54] 
INFO [2015-09-25 17:56:54] $fill
INFO [2015-09-25 17:56:54] fills[1:length(res_list)]
INFO [2015-09-25 17:56:54] 
INFO [2015-09-25 17:56:54] $alpha
INFO [2015-09-25 17:56:54] [1] 0.5
INFO [2015-09-25 17:56:54] 
INFO [2015-09-25 17:56:54] $cex
INFO [2015-09-25 17:56:54] [1] 2
INFO [2015-09-25 17:56:54] 
INFO [2015-09-25 17:56:54] $cat.pos
INFO [2015-09-25 17:56:54] positions[[length(res_list)]]
INFO [2015-09-25 17:56:54] 
INFO [2015-09-25 17:56:54] $euler.d
INFO [2015-09-25 17:56:54] [1] TRUE
INFO [2015-09-25 17:56:54] 
INFO [2015-09-25 17:56:54] $margin
INFO [2015-09-25 17:56:54] [1] 0.2
INFO [2015-09-25 17:56:54] 
INFO [2015-09-25 17:56:54] $main
INFO [2015-09-25 17:56:54] title
INFO [2015-09-25 17:56:54] 
INFO [2015-09-25 17:56:54] $filename
INFO [2015-09-25 17:56:54] NULL
INFO [2015-09-25 17:56:54] 
