INFO [2015-09-23 17:23:45] [[1]]
INFO [2015-09-23 17:23:45] res_list
INFO [2015-09-23 17:23:45] 
INFO [2015-09-23 17:23:45] $scaled
INFO [2015-09-23 17:23:45] [1] TRUE
INFO [2015-09-23 17:23:45] 
INFO [2015-09-23 17:23:45] $ext.text
INFO [2015-09-23 17:23:45] [1] TRUE
INFO [2015-09-23 17:23:45] 
INFO [2015-09-23 17:23:45] $col
INFO [2015-09-23 17:23:45] [1] "transparent"
INFO [2015-09-23 17:23:45] 
INFO [2015-09-23 17:23:45] $fill
INFO [2015-09-23 17:23:45] fills[1:length(res_list)]
INFO [2015-09-23 17:23:45] 
INFO [2015-09-23 17:23:45] $alpha
INFO [2015-09-23 17:23:45] [1] 0.5
INFO [2015-09-23 17:23:45] 
INFO [2015-09-23 17:23:45] $cex
INFO [2015-09-23 17:23:45] [1] 2
INFO [2015-09-23 17:23:45] 
INFO [2015-09-23 17:23:45] $cat.pos
INFO [2015-09-23 17:23:45] positions[[length(res_list)]]
INFO [2015-09-23 17:23:45] 
INFO [2015-09-23 17:23:45] $euler.d
INFO [2015-09-23 17:23:45] [1] TRUE
INFO [2015-09-23 17:23:45] 
INFO [2015-09-23 17:23:45] $margin
INFO [2015-09-23 17:23:45] [1] 0.2
INFO [2015-09-23 17:23:45] 
INFO [2015-09-23 17:23:45] $main
INFO [2015-09-23 17:23:45] title
INFO [2015-09-23 17:23:45] 
INFO [2015-09-23 17:23:45] $filename
INFO [2015-09-23 17:23:45] NULL
INFO [2015-09-23 17:23:45] 
