INFO [2015-09-23 17:13:40] [[1]]
INFO [2015-09-23 17:13:40] res_list
INFO [2015-09-23 17:13:40] 
INFO [2015-09-23 17:13:40] $scaled
INFO [2015-09-23 17:13:40] [1] TRUE
INFO [2015-09-23 17:13:40] 
INFO [2015-09-23 17:13:40] $ext.text
INFO [2015-09-23 17:13:40] [1] TRUE
INFO [2015-09-23 17:13:40] 
INFO [2015-09-23 17:13:40] $col
INFO [2015-09-23 17:13:40] [1] "transparent"
INFO [2015-09-23 17:13:40] 
INFO [2015-09-23 17:13:40] $fill
INFO [2015-09-23 17:13:40] fills[1:length(res_list)]
INFO [2015-09-23 17:13:40] 
INFO [2015-09-23 17:13:40] $alpha
INFO [2015-09-23 17:13:40] [1] 0.5
INFO [2015-09-23 17:13:40] 
INFO [2015-09-23 17:13:40] $cex
INFO [2015-09-23 17:13:40] [1] 2
INFO [2015-09-23 17:13:40] 
INFO [2015-09-23 17:13:40] $cat.pos
INFO [2015-09-23 17:13:40] positions[[length(res_list)]]
INFO [2015-09-23 17:13:40] 
INFO [2015-09-23 17:13:40] $euler.d
INFO [2015-09-23 17:13:40] [1] TRUE
INFO [2015-09-23 17:13:40] 
INFO [2015-09-23 17:13:40] $margin
INFO [2015-09-23 17:13:40] [1] 0.2
INFO [2015-09-23 17:13:40] 
INFO [2015-09-23 17:13:40] $main
INFO [2015-09-23 17:13:40] title
INFO [2015-09-23 17:13:40] 
INFO [2015-09-23 17:13:40] $filename
INFO [2015-09-23 17:13:40] NULL
INFO [2015-09-23 17:13:40] 
INFO [2015-09-23 17:13:40] [[1]]
INFO [2015-09-23 17:13:40] res_list
INFO [2015-09-23 17:13:40] 
INFO [2015-09-23 17:13:40] $scaled
INFO [2015-09-23 17:13:40] [1] TRUE
INFO [2015-09-23 17:13:40] 
INFO [2015-09-23 17:13:40] $ext.text
INFO [2015-09-23 17:13:40] [1] TRUE
INFO [2015-09-23 17:13:40] 
INFO [2015-09-23 17:13:40] $col
INFO [2015-09-23 17:13:40] [1] "transparent"
INFO [2015-09-23 17:13:40] 
INFO [2015-09-23 17:13:40] $fill
INFO [2015-09-23 17:13:40] fills[1:length(res_list)]
INFO [2015-09-23 17:13:40] 
INFO [2015-09-23 17:13:40] $alpha
INFO [2015-09-23 17:13:40] [1] 0.5
INFO [2015-09-23 17:13:40] 
INFO [2015-09-23 17:13:40] $cex
INFO [2015-09-23 17:13:40] [1] 2
INFO [2015-09-23 17:13:40] 
INFO [2015-09-23 17:13:40] $cat.pos
INFO [2015-09-23 17:13:40] positions[[length(res_list)]]
INFO [2015-09-23 17:13:40] 
INFO [2015-09-23 17:13:40] $euler.d
INFO [2015-09-23 17:13:40] [1] TRUE
INFO [2015-09-23 17:13:40] 
INFO [2015-09-23 17:13:40] $margin
INFO [2015-09-23 17:13:40] [1] 0.2
INFO [2015-09-23 17:13:40] 
INFO [2015-09-23 17:13:40] $main
INFO [2015-09-23 17:13:40] title
INFO [2015-09-23 17:13:40] 
INFO [2015-09-23 17:13:40] $filename
INFO [2015-09-23 17:13:40] NULL
INFO [2015-09-23 17:13:40] 
