INFO [2015-09-23 18:15:22] [[1]]
INFO [2015-09-23 18:15:22] res_list
INFO [2015-09-23 18:15:22] 
INFO [2015-09-23 18:15:22] $scaled
INFO [2015-09-23 18:15:22] [1] TRUE
INFO [2015-09-23 18:15:22] 
INFO [2015-09-23 18:15:22] $ext.text
INFO [2015-09-23 18:15:22] [1] TRUE
INFO [2015-09-23 18:15:22] 
INFO [2015-09-23 18:15:22] $col
INFO [2015-09-23 18:15:22] [1] "transparent"
INFO [2015-09-23 18:15:22] 
INFO [2015-09-23 18:15:22] $fill
INFO [2015-09-23 18:15:22] fills[1:length(res_list)]
INFO [2015-09-23 18:15:22] 
INFO [2015-09-23 18:15:22] $alpha
INFO [2015-09-23 18:15:22] [1] 0.5
INFO [2015-09-23 18:15:22] 
INFO [2015-09-23 18:15:22] $cex
INFO [2015-09-23 18:15:22] [1] 2
INFO [2015-09-23 18:15:22] 
INFO [2015-09-23 18:15:22] $cat.pos
INFO [2015-09-23 18:15:22] positions[[length(res_list)]]
INFO [2015-09-23 18:15:22] 
INFO [2015-09-23 18:15:22] $euler.d
INFO [2015-09-23 18:15:22] [1] TRUE
INFO [2015-09-23 18:15:22] 
INFO [2015-09-23 18:15:22] $margin
INFO [2015-09-23 18:15:22] [1] 0.2
INFO [2015-09-23 18:15:22] 
INFO [2015-09-23 18:15:22] $main
INFO [2015-09-23 18:15:22] title
INFO [2015-09-23 18:15:22] 
INFO [2015-09-23 18:15:22] $filename
INFO [2015-09-23 18:15:22] NULL
INFO [2015-09-23 18:15:22] 
INFO [2015-09-23 18:15:22] [[1]]
INFO [2015-09-23 18:15:22] res_list
INFO [2015-09-23 18:15:22] 
INFO [2015-09-23 18:15:22] $scaled
INFO [2015-09-23 18:15:22] [1] TRUE
INFO [2015-09-23 18:15:22] 
INFO [2015-09-23 18:15:22] $ext.text
INFO [2015-09-23 18:15:22] [1] TRUE
INFO [2015-09-23 18:15:22] 
INFO [2015-09-23 18:15:22] $col
INFO [2015-09-23 18:15:22] [1] "transparent"
INFO [2015-09-23 18:15:22] 
INFO [2015-09-23 18:15:22] $fill
INFO [2015-09-23 18:15:22] fills[1:length(res_list)]
INFO [2015-09-23 18:15:22] 
INFO [2015-09-23 18:15:22] $alpha
INFO [2015-09-23 18:15:22] [1] 0.5
INFO [2015-09-23 18:15:22] 
INFO [2015-09-23 18:15:22] $cex
INFO [2015-09-23 18:15:22] [1] 2
INFO [2015-09-23 18:15:22] 
INFO [2015-09-23 18:15:22] $cat.pos
INFO [2015-09-23 18:15:22] positions[[length(res_list)]]
INFO [2015-09-23 18:15:22] 
INFO [2015-09-23 18:15:22] $euler.d
INFO [2015-09-23 18:15:22] [1] TRUE
INFO [2015-09-23 18:15:22] 
INFO [2015-09-23 18:15:22] $margin
INFO [2015-09-23 18:15:22] [1] 0.2
INFO [2015-09-23 18:15:22] 
INFO [2015-09-23 18:15:22] $main
INFO [2015-09-23 18:15:22] title
INFO [2015-09-23 18:15:22] 
INFO [2015-09-23 18:15:22] $filename
INFO [2015-09-23 18:15:22] NULL
INFO [2015-09-23 18:15:22] 
