INFO [2015-09-23 17:23:39] [[1]]
INFO [2015-09-23 17:23:39] res_list
INFO [2015-09-23 17:23:39] 
INFO [2015-09-23 17:23:39] $scaled
INFO [2015-09-23 17:23:39] [1] TRUE
INFO [2015-09-23 17:23:39] 
INFO [2015-09-23 17:23:39] $ext.text
INFO [2015-09-23 17:23:39] [1] TRUE
INFO [2015-09-23 17:23:39] 
INFO [2015-09-23 17:23:39] $col
INFO [2015-09-23 17:23:39] [1] "transparent"
INFO [2015-09-23 17:23:39] 
INFO [2015-09-23 17:23:39] $fill
INFO [2015-09-23 17:23:39] fills[1:length(res_list)]
INFO [2015-09-23 17:23:39] 
INFO [2015-09-23 17:23:39] $alpha
INFO [2015-09-23 17:23:39] [1] 0.5
INFO [2015-09-23 17:23:39] 
INFO [2015-09-23 17:23:39] $cex
INFO [2015-09-23 17:23:39] [1] 2
INFO [2015-09-23 17:23:39] 
INFO [2015-09-23 17:23:39] $cat.pos
INFO [2015-09-23 17:23:39] positions[[length(res_list)]]
INFO [2015-09-23 17:23:39] 
INFO [2015-09-23 17:23:39] $euler.d
INFO [2015-09-23 17:23:39] [1] TRUE
INFO [2015-09-23 17:23:39] 
INFO [2015-09-23 17:23:39] $margin
INFO [2015-09-23 17:23:39] [1] 0.2
INFO [2015-09-23 17:23:39] 
INFO [2015-09-23 17:23:39] $main
INFO [2015-09-23 17:23:39] title
INFO [2015-09-23 17:23:39] 
INFO [2015-09-23 17:23:39] $filename
INFO [2015-09-23 17:23:39] NULL
INFO [2015-09-23 17:23:39] 
INFO [2015-09-23 17:23:39] [[1]]
INFO [2015-09-23 17:23:39] res_list
INFO [2015-09-23 17:23:39] 
INFO [2015-09-23 17:23:39] $scaled
INFO [2015-09-23 17:23:39] [1] TRUE
INFO [2015-09-23 17:23:39] 
INFO [2015-09-23 17:23:39] $ext.text
INFO [2015-09-23 17:23:39] [1] TRUE
INFO [2015-09-23 17:23:39] 
INFO [2015-09-23 17:23:39] $col
INFO [2015-09-23 17:23:39] [1] "transparent"
INFO [2015-09-23 17:23:39] 
INFO [2015-09-23 17:23:39] $fill
INFO [2015-09-23 17:23:39] fills[1:length(res_list)]
INFO [2015-09-23 17:23:39] 
INFO [2015-09-23 17:23:39] $alpha
INFO [2015-09-23 17:23:39] [1] 0.5
INFO [2015-09-23 17:23:39] 
INFO [2015-09-23 17:23:39] $cex
INFO [2015-09-23 17:23:39] [1] 2
INFO [2015-09-23 17:23:39] 
INFO [2015-09-23 17:23:39] $cat.pos
INFO [2015-09-23 17:23:39] positions[[length(res_list)]]
INFO [2015-09-23 17:23:39] 
INFO [2015-09-23 17:23:39] $euler.d
INFO [2015-09-23 17:23:39] [1] TRUE
INFO [2015-09-23 17:23:39] 
INFO [2015-09-23 17:23:39] $margin
INFO [2015-09-23 17:23:39] [1] 0.2
INFO [2015-09-23 17:23:39] 
INFO [2015-09-23 17:23:39] $main
INFO [2015-09-23 17:23:39] title
INFO [2015-09-23 17:23:39] 
INFO [2015-09-23 17:23:39] $filename
INFO [2015-09-23 17:23:39] NULL
INFO [2015-09-23 17:23:39] 
