INFO [2015-09-23 18:16:59] [[1]]
INFO [2015-09-23 18:16:59] res_list
INFO [2015-09-23 18:16:59] 
INFO [2015-09-23 18:16:59] $scaled
INFO [2015-09-23 18:16:59] [1] TRUE
INFO [2015-09-23 18:16:59] 
INFO [2015-09-23 18:16:59] $ext.text
INFO [2015-09-23 18:16:59] [1] TRUE
INFO [2015-09-23 18:16:59] 
INFO [2015-09-23 18:16:59] $col
INFO [2015-09-23 18:16:59] [1] "transparent"
INFO [2015-09-23 18:16:59] 
INFO [2015-09-23 18:16:59] $fill
INFO [2015-09-23 18:16:59] fills[1:length(res_list)]
INFO [2015-09-23 18:16:59] 
INFO [2015-09-23 18:16:59] $alpha
INFO [2015-09-23 18:16:59] [1] 0.5
INFO [2015-09-23 18:16:59] 
INFO [2015-09-23 18:16:59] $cex
INFO [2015-09-23 18:16:59] [1] 2
INFO [2015-09-23 18:16:59] 
INFO [2015-09-23 18:16:59] $cat.pos
INFO [2015-09-23 18:16:59] positions[[length(res_list)]]
INFO [2015-09-23 18:16:59] 
INFO [2015-09-23 18:16:59] $euler.d
INFO [2015-09-23 18:16:59] [1] TRUE
INFO [2015-09-23 18:16:59] 
INFO [2015-09-23 18:16:59] $margin
INFO [2015-09-23 18:16:59] [1] 0.2
INFO [2015-09-23 18:16:59] 
INFO [2015-09-23 18:16:59] $main
INFO [2015-09-23 18:16:59] title
INFO [2015-09-23 18:16:59] 
INFO [2015-09-23 18:16:59] $filename
INFO [2015-09-23 18:16:59] NULL
INFO [2015-09-23 18:16:59] 
INFO [2015-09-23 18:16:59] [[1]]
INFO [2015-09-23 18:16:59] res_list
INFO [2015-09-23 18:16:59] 
INFO [2015-09-23 18:16:59] $scaled
INFO [2015-09-23 18:16:59] [1] TRUE
INFO [2015-09-23 18:16:59] 
INFO [2015-09-23 18:16:59] $ext.text
INFO [2015-09-23 18:16:59] [1] TRUE
INFO [2015-09-23 18:16:59] 
INFO [2015-09-23 18:16:59] $col
INFO [2015-09-23 18:16:59] [1] "transparent"
INFO [2015-09-23 18:16:59] 
INFO [2015-09-23 18:16:59] $fill
INFO [2015-09-23 18:16:59] fills[1:length(res_list)]
INFO [2015-09-23 18:16:59] 
INFO [2015-09-23 18:16:59] $alpha
INFO [2015-09-23 18:16:59] [1] 0.5
INFO [2015-09-23 18:16:59] 
INFO [2015-09-23 18:16:59] $cex
INFO [2015-09-23 18:16:59] [1] 2
INFO [2015-09-23 18:16:59] 
INFO [2015-09-23 18:16:59] $cat.pos
INFO [2015-09-23 18:16:59] positions[[length(res_list)]]
INFO [2015-09-23 18:16:59] 
INFO [2015-09-23 18:16:59] $euler.d
INFO [2015-09-23 18:16:59] [1] TRUE
INFO [2015-09-23 18:16:59] 
INFO [2015-09-23 18:16:59] $margin
INFO [2015-09-23 18:16:59] [1] 0.2
INFO [2015-09-23 18:16:59] 
INFO [2015-09-23 18:16:59] $main
INFO [2015-09-23 18:16:59] title
INFO [2015-09-23 18:16:59] 
INFO [2015-09-23 18:16:59] $filename
INFO [2015-09-23 18:16:59] NULL
INFO [2015-09-23 18:16:59] 
