INFO [2015-09-25 17:56:55] [[1]]
INFO [2015-09-25 17:56:55] res_list
INFO [2015-09-25 17:56:55] 
INFO [2015-09-25 17:56:55] $scaled
INFO [2015-09-25 17:56:55] [1] TRUE
INFO [2015-09-25 17:56:55] 
INFO [2015-09-25 17:56:55] $ext.text
INFO [2015-09-25 17:56:55] [1] TRUE
INFO [2015-09-25 17:56:55] 
INFO [2015-09-25 17:56:55] $col
INFO [2015-09-25 17:56:55] [1] "transparent"
INFO [2015-09-25 17:56:55] 
INFO [2015-09-25 17:56:55] $fill
INFO [2015-09-25 17:56:55] fills[1:length(res_list)]
INFO [2015-09-25 17:56:55] 
INFO [2015-09-25 17:56:55] $alpha
INFO [2015-09-25 17:56:55] [1] 0.5
INFO [2015-09-25 17:56:55] 
INFO [2015-09-25 17:56:55] $cex
INFO [2015-09-25 17:56:55] [1] 2
INFO [2015-09-25 17:56:55] 
INFO [2015-09-25 17:56:55] $cat.pos
INFO [2015-09-25 17:56:55] positions[[length(res_list)]]
INFO [2015-09-25 17:56:55] 
INFO [2015-09-25 17:56:55] $euler.d
INFO [2015-09-25 17:56:55] [1] TRUE
INFO [2015-09-25 17:56:55] 
INFO [2015-09-25 17:56:55] $margin
INFO [2015-09-25 17:56:55] [1] 0.2
INFO [2015-09-25 17:56:55] 
INFO [2015-09-25 17:56:55] $main
INFO [2015-09-25 17:56:55] title
INFO [2015-09-25 17:56:55] 
INFO [2015-09-25 17:56:55] $filename
INFO [2015-09-25 17:56:55] NULL
INFO [2015-09-25 17:56:55] 
