INFO [2015-09-23 17:23:20] [[1]]
INFO [2015-09-23 17:23:20] res_list
INFO [2015-09-23 17:23:20] 
INFO [2015-09-23 17:23:20] $scaled
INFO [2015-09-23 17:23:20] [1] TRUE
INFO [2015-09-23 17:23:20] 
INFO [2015-09-23 17:23:20] $ext.text
INFO [2015-09-23 17:23:20] [1] TRUE
INFO [2015-09-23 17:23:20] 
INFO [2015-09-23 17:23:20] $col
INFO [2015-09-23 17:23:20] [1] "transparent"
INFO [2015-09-23 17:23:20] 
INFO [2015-09-23 17:23:20] $fill
INFO [2015-09-23 17:23:20] fills[1:length(res_list)]
INFO [2015-09-23 17:23:20] 
INFO [2015-09-23 17:23:20] $alpha
INFO [2015-09-23 17:23:20] [1] 0.5
INFO [2015-09-23 17:23:20] 
INFO [2015-09-23 17:23:20] $cex
INFO [2015-09-23 17:23:20] [1] 2
INFO [2015-09-23 17:23:20] 
INFO [2015-09-23 17:23:20] $cat.pos
INFO [2015-09-23 17:23:20] positions[[length(res_list)]]
INFO [2015-09-23 17:23:20] 
INFO [2015-09-23 17:23:20] $euler.d
INFO [2015-09-23 17:23:20] [1] TRUE
INFO [2015-09-23 17:23:20] 
INFO [2015-09-23 17:23:20] $margin
INFO [2015-09-23 17:23:20] [1] 0.2
INFO [2015-09-23 17:23:20] 
INFO [2015-09-23 17:23:20] $main
INFO [2015-09-23 17:23:20] title
INFO [2015-09-23 17:23:20] 
INFO [2015-09-23 17:23:20] $filename
INFO [2015-09-23 17:23:20] NULL
INFO [2015-09-23 17:23:20] 
INFO [2015-09-23 17:23:20] [[1]]
INFO [2015-09-23 17:23:20] res_list
INFO [2015-09-23 17:23:20] 
INFO [2015-09-23 17:23:20] $scaled
INFO [2015-09-23 17:23:20] [1] TRUE
INFO [2015-09-23 17:23:20] 
INFO [2015-09-23 17:23:20] $ext.text
INFO [2015-09-23 17:23:20] [1] TRUE
INFO [2015-09-23 17:23:20] 
INFO [2015-09-23 17:23:20] $col
INFO [2015-09-23 17:23:20] [1] "transparent"
INFO [2015-09-23 17:23:20] 
INFO [2015-09-23 17:23:20] $fill
INFO [2015-09-23 17:23:20] fills[1:length(res_list)]
INFO [2015-09-23 17:23:20] 
INFO [2015-09-23 17:23:20] $alpha
INFO [2015-09-23 17:23:20] [1] 0.5
INFO [2015-09-23 17:23:20] 
INFO [2015-09-23 17:23:20] $cex
INFO [2015-09-23 17:23:20] [1] 2
INFO [2015-09-23 17:23:20] 
INFO [2015-09-23 17:23:20] $cat.pos
INFO [2015-09-23 17:23:20] positions[[length(res_list)]]
INFO [2015-09-23 17:23:20] 
INFO [2015-09-23 17:23:20] $euler.d
INFO [2015-09-23 17:23:20] [1] TRUE
INFO [2015-09-23 17:23:20] 
INFO [2015-09-23 17:23:20] $margin
INFO [2015-09-23 17:23:20] [1] 0.2
INFO [2015-09-23 17:23:20] 
INFO [2015-09-23 17:23:20] $main
INFO [2015-09-23 17:23:20] title
INFO [2015-09-23 17:23:20] 
INFO [2015-09-23 17:23:20] $filename
INFO [2015-09-23 17:23:20] NULL
INFO [2015-09-23 17:23:20] 
