INFO [2015-09-23 18:15:18] [[1]]
INFO [2015-09-23 18:15:18] res_list
INFO [2015-09-23 18:15:18] 
INFO [2015-09-23 18:15:18] $scaled
INFO [2015-09-23 18:15:18] [1] TRUE
INFO [2015-09-23 18:15:18] 
INFO [2015-09-23 18:15:18] $ext.text
INFO [2015-09-23 18:15:18] [1] TRUE
INFO [2015-09-23 18:15:18] 
INFO [2015-09-23 18:15:18] $col
INFO [2015-09-23 18:15:18] [1] "transparent"
INFO [2015-09-23 18:15:18] 
INFO [2015-09-23 18:15:18] $fill
INFO [2015-09-23 18:15:18] fills[1:length(res_list)]
INFO [2015-09-23 18:15:18] 
INFO [2015-09-23 18:15:18] $alpha
INFO [2015-09-23 18:15:18] [1] 0.5
INFO [2015-09-23 18:15:18] 
INFO [2015-09-23 18:15:18] $cex
INFO [2015-09-23 18:15:18] [1] 2
INFO [2015-09-23 18:15:18] 
INFO [2015-09-23 18:15:18] $cat.pos
INFO [2015-09-23 18:15:18] positions[[length(res_list)]]
INFO [2015-09-23 18:15:18] 
INFO [2015-09-23 18:15:18] $euler.d
INFO [2015-09-23 18:15:18] [1] TRUE
INFO [2015-09-23 18:15:18] 
INFO [2015-09-23 18:15:18] $margin
INFO [2015-09-23 18:15:18] [1] 0.2
INFO [2015-09-23 18:15:18] 
INFO [2015-09-23 18:15:18] $main
INFO [2015-09-23 18:15:18] title
INFO [2015-09-23 18:15:18] 
INFO [2015-09-23 18:15:18] $filename
INFO [2015-09-23 18:15:18] NULL
INFO [2015-09-23 18:15:18] 
INFO [2015-09-23 18:15:18] [[1]]
INFO [2015-09-23 18:15:18] res_list
INFO [2015-09-23 18:15:18] 
INFO [2015-09-23 18:15:18] $scaled
INFO [2015-09-23 18:15:18] [1] TRUE
INFO [2015-09-23 18:15:18] 
INFO [2015-09-23 18:15:18] $ext.text
INFO [2015-09-23 18:15:18] [1] TRUE
INFO [2015-09-23 18:15:18] 
INFO [2015-09-23 18:15:18] $col
INFO [2015-09-23 18:15:18] [1] "transparent"
INFO [2015-09-23 18:15:18] 
INFO [2015-09-23 18:15:18] $fill
INFO [2015-09-23 18:15:18] fills[1:length(res_list)]
INFO [2015-09-23 18:15:18] 
INFO [2015-09-23 18:15:18] $alpha
INFO [2015-09-23 18:15:18] [1] 0.5
INFO [2015-09-23 18:15:18] 
INFO [2015-09-23 18:15:18] $cex
INFO [2015-09-23 18:15:18] [1] 2
INFO [2015-09-23 18:15:18] 
INFO [2015-09-23 18:15:18] $cat.pos
INFO [2015-09-23 18:15:18] positions[[length(res_list)]]
INFO [2015-09-23 18:15:18] 
INFO [2015-09-23 18:15:18] $euler.d
INFO [2015-09-23 18:15:18] [1] TRUE
INFO [2015-09-23 18:15:18] 
INFO [2015-09-23 18:15:18] $margin
INFO [2015-09-23 18:15:18] [1] 0.2
INFO [2015-09-23 18:15:18] 
INFO [2015-09-23 18:15:18] $main
INFO [2015-09-23 18:15:18] title
INFO [2015-09-23 18:15:18] 
INFO [2015-09-23 18:15:18] $filename
INFO [2015-09-23 18:15:18] NULL
INFO [2015-09-23 18:15:18] 
