INFO [2015-09-23 17:23:30] [[1]]
INFO [2015-09-23 17:23:30] res_list
INFO [2015-09-23 17:23:30] 
INFO [2015-09-23 17:23:30] $scaled
INFO [2015-09-23 17:23:30] [1] TRUE
INFO [2015-09-23 17:23:30] 
INFO [2015-09-23 17:23:30] $ext.text
INFO [2015-09-23 17:23:30] [1] TRUE
INFO [2015-09-23 17:23:30] 
INFO [2015-09-23 17:23:30] $col
INFO [2015-09-23 17:23:30] [1] "transparent"
INFO [2015-09-23 17:23:30] 
INFO [2015-09-23 17:23:30] $fill
INFO [2015-09-23 17:23:30] fills[1:length(res_list)]
INFO [2015-09-23 17:23:30] 
INFO [2015-09-23 17:23:30] $alpha
INFO [2015-09-23 17:23:30] [1] 0.5
INFO [2015-09-23 17:23:30] 
INFO [2015-09-23 17:23:30] $cex
INFO [2015-09-23 17:23:30] [1] 2
INFO [2015-09-23 17:23:30] 
INFO [2015-09-23 17:23:30] $cat.pos
INFO [2015-09-23 17:23:30] positions[[length(res_list)]]
INFO [2015-09-23 17:23:30] 
INFO [2015-09-23 17:23:30] $euler.d
INFO [2015-09-23 17:23:30] [1] TRUE
INFO [2015-09-23 17:23:30] 
INFO [2015-09-23 17:23:30] $margin
INFO [2015-09-23 17:23:30] [1] 0.2
INFO [2015-09-23 17:23:30] 
INFO [2015-09-23 17:23:30] $main
INFO [2015-09-23 17:23:30] title
INFO [2015-09-23 17:23:30] 
INFO [2015-09-23 17:23:30] $filename
INFO [2015-09-23 17:23:30] NULL
INFO [2015-09-23 17:23:30] 
INFO [2015-09-23 17:23:30] [[1]]
INFO [2015-09-23 17:23:30] res_list
INFO [2015-09-23 17:23:30] 
INFO [2015-09-23 17:23:30] $scaled
INFO [2015-09-23 17:23:30] [1] TRUE
INFO [2015-09-23 17:23:30] 
INFO [2015-09-23 17:23:30] $ext.text
INFO [2015-09-23 17:23:30] [1] TRUE
INFO [2015-09-23 17:23:30] 
INFO [2015-09-23 17:23:30] $col
INFO [2015-09-23 17:23:30] [1] "transparent"
INFO [2015-09-23 17:23:30] 
INFO [2015-09-23 17:23:30] $fill
INFO [2015-09-23 17:23:30] fills[1:length(res_list)]
INFO [2015-09-23 17:23:30] 
INFO [2015-09-23 17:23:30] $alpha
INFO [2015-09-23 17:23:30] [1] 0.5
INFO [2015-09-23 17:23:30] 
INFO [2015-09-23 17:23:30] $cex
INFO [2015-09-23 17:23:30] [1] 2
INFO [2015-09-23 17:23:30] 
INFO [2015-09-23 17:23:30] $cat.pos
INFO [2015-09-23 17:23:30] positions[[length(res_list)]]
INFO [2015-09-23 17:23:30] 
INFO [2015-09-23 17:23:30] $euler.d
INFO [2015-09-23 17:23:30] [1] TRUE
INFO [2015-09-23 17:23:30] 
INFO [2015-09-23 17:23:30] $margin
INFO [2015-09-23 17:23:30] [1] 0.2
INFO [2015-09-23 17:23:30] 
INFO [2015-09-23 17:23:30] $main
INFO [2015-09-23 17:23:30] title
INFO [2015-09-23 17:23:30] 
INFO [2015-09-23 17:23:30] $filename
INFO [2015-09-23 17:23:30] NULL
INFO [2015-09-23 17:23:30] 
