INFO [2015-09-23 17:23:32] [[1]]
INFO [2015-09-23 17:23:32] res_list
INFO [2015-09-23 17:23:32] 
INFO [2015-09-23 17:23:32] $scaled
INFO [2015-09-23 17:23:32] [1] TRUE
INFO [2015-09-23 17:23:32] 
INFO [2015-09-23 17:23:32] $ext.text
INFO [2015-09-23 17:23:32] [1] TRUE
INFO [2015-09-23 17:23:32] 
INFO [2015-09-23 17:23:32] $col
INFO [2015-09-23 17:23:32] [1] "transparent"
INFO [2015-09-23 17:23:32] 
INFO [2015-09-23 17:23:32] $fill
INFO [2015-09-23 17:23:32] fills[1:length(res_list)]
INFO [2015-09-23 17:23:32] 
INFO [2015-09-23 17:23:32] $alpha
INFO [2015-09-23 17:23:32] [1] 0.5
INFO [2015-09-23 17:23:32] 
INFO [2015-09-23 17:23:32] $cex
INFO [2015-09-23 17:23:32] [1] 2
INFO [2015-09-23 17:23:32] 
INFO [2015-09-23 17:23:32] $cat.pos
INFO [2015-09-23 17:23:32] positions[[length(res_list)]]
INFO [2015-09-23 17:23:32] 
INFO [2015-09-23 17:23:32] $euler.d
INFO [2015-09-23 17:23:32] [1] TRUE
INFO [2015-09-23 17:23:32] 
INFO [2015-09-23 17:23:32] $margin
INFO [2015-09-23 17:23:32] [1] 0.2
INFO [2015-09-23 17:23:32] 
INFO [2015-09-23 17:23:32] $main
INFO [2015-09-23 17:23:32] title
INFO [2015-09-23 17:23:32] 
INFO [2015-09-23 17:23:32] $filename
INFO [2015-09-23 17:23:32] NULL
INFO [2015-09-23 17:23:32] 
