INFO [2015-09-23 17:24:16] [[1]]
INFO [2015-09-23 17:24:16] res_list
INFO [2015-09-23 17:24:16] 
INFO [2015-09-23 17:24:16] $scaled
INFO [2015-09-23 17:24:16] [1] TRUE
INFO [2015-09-23 17:24:16] 
INFO [2015-09-23 17:24:16] $ext.text
INFO [2015-09-23 17:24:16] [1] TRUE
INFO [2015-09-23 17:24:16] 
INFO [2015-09-23 17:24:16] $col
INFO [2015-09-23 17:24:16] [1] "transparent"
INFO [2015-09-23 17:24:16] 
INFO [2015-09-23 17:24:16] $fill
INFO [2015-09-23 17:24:16] fills[1:length(res_list)]
INFO [2015-09-23 17:24:16] 
INFO [2015-09-23 17:24:16] $alpha
INFO [2015-09-23 17:24:16] [1] 0.5
INFO [2015-09-23 17:24:16] 
INFO [2015-09-23 17:24:16] $cex
INFO [2015-09-23 17:24:16] [1] 2
INFO [2015-09-23 17:24:16] 
INFO [2015-09-23 17:24:16] $cat.pos
INFO [2015-09-23 17:24:16] positions[[length(res_list)]]
INFO [2015-09-23 17:24:16] 
INFO [2015-09-23 17:24:16] $euler.d
INFO [2015-09-23 17:24:16] [1] TRUE
INFO [2015-09-23 17:24:16] 
INFO [2015-09-23 17:24:16] $margin
INFO [2015-09-23 17:24:16] [1] 0.2
INFO [2015-09-23 17:24:16] 
INFO [2015-09-23 17:24:16] $main
INFO [2015-09-23 17:24:16] title
INFO [2015-09-23 17:24:16] 
INFO [2015-09-23 17:24:16] $filename
INFO [2015-09-23 17:24:16] NULL
INFO [2015-09-23 17:24:16] 
INFO [2015-09-23 17:24:16] [[1]]
INFO [2015-09-23 17:24:16] res_list
INFO [2015-09-23 17:24:16] 
INFO [2015-09-23 17:24:16] $scaled
INFO [2015-09-23 17:24:16] [1] TRUE
INFO [2015-09-23 17:24:16] 
INFO [2015-09-23 17:24:16] $ext.text
INFO [2015-09-23 17:24:16] [1] TRUE
INFO [2015-09-23 17:24:16] 
INFO [2015-09-23 17:24:16] $col
INFO [2015-09-23 17:24:16] [1] "transparent"
INFO [2015-09-23 17:24:16] 
INFO [2015-09-23 17:24:16] $fill
INFO [2015-09-23 17:24:16] fills[1:length(res_list)]
INFO [2015-09-23 17:24:16] 
INFO [2015-09-23 17:24:16] $alpha
INFO [2015-09-23 17:24:16] [1] 0.5
INFO [2015-09-23 17:24:16] 
INFO [2015-09-23 17:24:16] $cex
INFO [2015-09-23 17:24:16] [1] 2
INFO [2015-09-23 17:24:16] 
INFO [2015-09-23 17:24:16] $cat.pos
INFO [2015-09-23 17:24:16] positions[[length(res_list)]]
INFO [2015-09-23 17:24:16] 
INFO [2015-09-23 17:24:16] $euler.d
INFO [2015-09-23 17:24:16] [1] TRUE
INFO [2015-09-23 17:24:16] 
INFO [2015-09-23 17:24:16] $margin
INFO [2015-09-23 17:24:16] [1] 0.2
INFO [2015-09-23 17:24:16] 
INFO [2015-09-23 17:24:16] $main
INFO [2015-09-23 17:24:16] title
INFO [2015-09-23 17:24:16] 
INFO [2015-09-23 17:24:16] $filename
INFO [2015-09-23 17:24:16] NULL
INFO [2015-09-23 17:24:16] 
