INFO [2015-09-23 17:23:37] [[1]]
INFO [2015-09-23 17:23:37] res_list
INFO [2015-09-23 17:23:37] 
INFO [2015-09-23 17:23:37] $scaled
INFO [2015-09-23 17:23:37] [1] TRUE
INFO [2015-09-23 17:23:37] 
INFO [2015-09-23 17:23:37] $ext.text
INFO [2015-09-23 17:23:37] [1] TRUE
INFO [2015-09-23 17:23:37] 
INFO [2015-09-23 17:23:37] $col
INFO [2015-09-23 17:23:37] [1] "transparent"
INFO [2015-09-23 17:23:37] 
INFO [2015-09-23 17:23:37] $fill
INFO [2015-09-23 17:23:37] fills[1:length(res_list)]
INFO [2015-09-23 17:23:37] 
INFO [2015-09-23 17:23:37] $alpha
INFO [2015-09-23 17:23:37] [1] 0.5
INFO [2015-09-23 17:23:37] 
INFO [2015-09-23 17:23:37] $cex
INFO [2015-09-23 17:23:37] [1] 2
INFO [2015-09-23 17:23:37] 
INFO [2015-09-23 17:23:37] $cat.pos
INFO [2015-09-23 17:23:37] positions[[length(res_list)]]
INFO [2015-09-23 17:23:37] 
INFO [2015-09-23 17:23:37] $euler.d
INFO [2015-09-23 17:23:37] [1] TRUE
INFO [2015-09-23 17:23:37] 
INFO [2015-09-23 17:23:37] $margin
INFO [2015-09-23 17:23:37] [1] 0.2
INFO [2015-09-23 17:23:37] 
INFO [2015-09-23 17:23:37] $main
INFO [2015-09-23 17:23:37] title
INFO [2015-09-23 17:23:37] 
INFO [2015-09-23 17:23:37] $filename
INFO [2015-09-23 17:23:37] NULL
INFO [2015-09-23 17:23:37] 
INFO [2015-09-23 17:23:37] [[1]]
INFO [2015-09-23 17:23:37] res_list
INFO [2015-09-23 17:23:37] 
INFO [2015-09-23 17:23:37] $scaled
INFO [2015-09-23 17:23:37] [1] TRUE
INFO [2015-09-23 17:23:37] 
INFO [2015-09-23 17:23:37] $ext.text
INFO [2015-09-23 17:23:37] [1] TRUE
INFO [2015-09-23 17:23:37] 
INFO [2015-09-23 17:23:37] $col
INFO [2015-09-23 17:23:37] [1] "transparent"
INFO [2015-09-23 17:23:37] 
INFO [2015-09-23 17:23:37] $fill
INFO [2015-09-23 17:23:37] fills[1:length(res_list)]
INFO [2015-09-23 17:23:37] 
INFO [2015-09-23 17:23:37] $alpha
INFO [2015-09-23 17:23:37] [1] 0.5
INFO [2015-09-23 17:23:37] 
INFO [2015-09-23 17:23:37] $cex
INFO [2015-09-23 17:23:37] [1] 2
INFO [2015-09-23 17:23:37] 
INFO [2015-09-23 17:23:37] $cat.pos
INFO [2015-09-23 17:23:37] positions[[length(res_list)]]
INFO [2015-09-23 17:23:37] 
INFO [2015-09-23 17:23:37] $euler.d
INFO [2015-09-23 17:23:37] [1] TRUE
INFO [2015-09-23 17:23:37] 
INFO [2015-09-23 17:23:37] $margin
INFO [2015-09-23 17:23:37] [1] 0.2
INFO [2015-09-23 17:23:37] 
INFO [2015-09-23 17:23:37] $main
INFO [2015-09-23 17:23:37] title
INFO [2015-09-23 17:23:37] 
INFO [2015-09-23 17:23:37] $filename
INFO [2015-09-23 17:23:37] NULL
INFO [2015-09-23 17:23:37] 
INFO [2015-09-23 17:23:37] [[1]]
INFO [2015-09-23 17:23:37] res_list
INFO [2015-09-23 17:23:37] 
INFO [2015-09-23 17:23:37] $scaled
INFO [2015-09-23 17:23:37] [1] TRUE
INFO [2015-09-23 17:23:37] 
INFO [2015-09-23 17:23:37] $ext.text
INFO [2015-09-23 17:23:37] [1] TRUE
INFO [2015-09-23 17:23:37] 
INFO [2015-09-23 17:23:37] $col
INFO [2015-09-23 17:23:37] [1] "transparent"
INFO [2015-09-23 17:23:37] 
INFO [2015-09-23 17:23:37] $fill
INFO [2015-09-23 17:23:37] fills[1:length(res_list)]
INFO [2015-09-23 17:23:37] 
INFO [2015-09-23 17:23:37] $alpha
INFO [2015-09-23 17:23:37] [1] 0.5
INFO [2015-09-23 17:23:37] 
INFO [2015-09-23 17:23:37] $cex
INFO [2015-09-23 17:23:37] [1] 2
INFO [2015-09-23 17:23:37] 
INFO [2015-09-23 17:23:37] $cat.pos
INFO [2015-09-23 17:23:37] positions[[length(res_list)]]
INFO [2015-09-23 17:23:37] 
INFO [2015-09-23 17:23:37] $euler.d
INFO [2015-09-23 17:23:37] [1] TRUE
INFO [2015-09-23 17:23:37] 
INFO [2015-09-23 17:23:37] $margin
INFO [2015-09-23 17:23:37] [1] 0.2
INFO [2015-09-23 17:23:37] 
INFO [2015-09-23 17:23:37] $main
INFO [2015-09-23 17:23:37] title
INFO [2015-09-23 17:23:37] 
INFO [2015-09-23 17:23:37] $filename
INFO [2015-09-23 17:23:37] NULL
INFO [2015-09-23 17:23:37] 
INFO [2015-09-23 17:23:37] [[1]]
INFO [2015-09-23 17:23:37] res_list
INFO [2015-09-23 17:23:37] 
INFO [2015-09-23 17:23:37] $scaled
INFO [2015-09-23 17:23:37] [1] TRUE
INFO [2015-09-23 17:23:37] 
INFO [2015-09-23 17:23:37] $ext.text
INFO [2015-09-23 17:23:37] [1] TRUE
INFO [2015-09-23 17:23:37] 
INFO [2015-09-23 17:23:37] $col
INFO [2015-09-23 17:23:37] [1] "transparent"
INFO [2015-09-23 17:23:37] 
INFO [2015-09-23 17:23:37] $fill
INFO [2015-09-23 17:23:37] fills[1:length(res_list)]
INFO [2015-09-23 17:23:37] 
INFO [2015-09-23 17:23:37] $alpha
INFO [2015-09-23 17:23:37] [1] 0.5
INFO [2015-09-23 17:23:37] 
INFO [2015-09-23 17:23:37] $cex
INFO [2015-09-23 17:23:37] [1] 2
INFO [2015-09-23 17:23:37] 
INFO [2015-09-23 17:23:37] $cat.pos
INFO [2015-09-23 17:23:37] positions[[length(res_list)]]
INFO [2015-09-23 17:23:37] 
INFO [2015-09-23 17:23:37] $euler.d
INFO [2015-09-23 17:23:37] [1] TRUE
INFO [2015-09-23 17:23:37] 
INFO [2015-09-23 17:23:37] $margin
INFO [2015-09-23 17:23:37] [1] 0.2
INFO [2015-09-23 17:23:37] 
INFO [2015-09-23 17:23:37] $main
INFO [2015-09-23 17:23:37] title
INFO [2015-09-23 17:23:37] 
INFO [2015-09-23 17:23:37] $filename
INFO [2015-09-23 17:23:37] NULL
INFO [2015-09-23 17:23:37] 
